# JRE version: OpenJDK Runtime Environment (8.0_171-b10) (build 1.8.0_171-b10)
# Java VM: OpenJDK 64-Bit Server VM (25.171-b10 mixed mode linux-amd64 compressed oops)
Heap:
 PSYoungGen      total 589824K, used 14848K [0x0000000782580000, 0x00000007aae80000, 0x00000007c0000000)
  eden space 574976K, 0% used [0x0000000782580000,0x0000000782580000,0x00000007a5700000)
  from space 14848K, 100% used [0x00000007a5700000,0x00000007a6580000,0x00000007a6580000)
  to   space 10240K, 0% used [0x00000007a6580000,0x00000007a6580000,0x00000007a6f80000)
 ParOldGen       total 65536K, used 43093K [0x0000000707000000, 0x000000070b000000, 0x0000000782580000)
  object space 65536K, 65% used [0x0000000707000000,0x0000000709a15708,0x000000070b000000)
 Metaspace       used 27536K, capacity 35281K, committed 35456K, reserved 1075200K
  class space    used 6698K, capacity 9526K, committed 9600K, reserved 1048576K
GC Heap History (10 events):
Event: 4.310 GC heap after
Heap after GC invocations=5 (full 0):
 PSYoungGen      total 200192K, used 7552K [0x0000000782580000, 0x000000079af80000, 0x00000007c0000000)
  eden space 192512K, 0% used [0x0000000782580000,0x0000000782580000,0x000000078e180000)
  from space 7680K, 98% used [0x000000078e180000,0x000000078e8e0080,0x000000078e900000)
  to   space 9216K, 0% used [0x000000079a680000,0x000000079a680000,0x000000079af80000)
 ParOldGen       total 126976K, used 374K [0x0000000707000000, 0x000000070ec00000, 0x0000000782580000)
  object space 126976K, 0% used [0x0000000707000000,0x000000070705db40,0x000000070ec00000)
 Metaspace       used 18452K, capacity 21259K, committed 21296K, reserved 1064960K
  class space    used 3888K, capacity 4956K, committed 4992K, reserved 1048576K
}
Event: 4.311 GC heap before
{Heap before GC invocations=6 (full 1):
 PSYoungGen      total 200192K, used 7552K [0x0000000782580000, 0x000000079af80000, 0x00000007c0000000)
  eden space 192512K, 0% used [0x0000000782580000,0x0000000782580000,0x000000078e180000)
  from space 7680K, 98% used [0x000000078e180000,0x000000078e8e0080,0x000000078e900000)
  to   space 9216K, 0% used [0x000000079a680000,0x000000079a680000,0x000000079af80000)
 ParOldGen       total 126976K, used 374K [0x0000000707000000, 0x000000070ec00000, 0x0000000782580000)
  object space 126976K, 0% used [0x0000000707000000,0x000000070705db40,0x000000070ec00000)
 Metaspace       used 18452K, capacity 21259K, committed 21296K, reserved 1064960K
  class space    used 3888K, capacity 4956K, committed 4992K, reserved 1048576K
Event: 4.379 GC heap after
Heap after GC invocations=6 (full 1):
 PSYoungGen      total 200192K, used 0K [0x0000000782580000, 0x000000079af80000, 0x00000007c0000000)
  eden space 192512K, 0% used [0x0000000782580000,0x0000000782580000,0x000000078e180000)
  from space 7680K, 0% used [0x000000078e180000,0x000000078e180000,0x000000078e900000)
  to   space 9216K, 0% used [0x000000079a680000,0x000000079a680000,0x000000079af80000)
 ParOldGen       total 65536K, used 7327K [0x0000000707000000, 0x000000070b000000, 0x0000000782580000)
  object space 65536K, 11% used [0x0000000707000000,0x0000000707727cd0,0x000000070b000000)
 Metaspace       used 18452K, capacity 21259K, committed 21296K, reserved 1064960K
  class space    used 3888K, capacity 4956K, committed 4992K, reserved 1048576K
}
Event: 6.061 GC heap before
{Heap before GC invocations=7 (full 1):
 PSYoungGen      total 200192K, used 192512K [0x0000000782580000, 0x000000079af80000, 0x00000007c0000000)
  eden space 192512K, 100% used [0x0000000782580000,0x000000078e180000,0x000000078e180000)
  from space 7680K, 0% used [0x000000078e180000,0x000000078e180000,0x000000078e900000)
  to   space 9216K, 0% used [0x000000079a680000,0x000000079a680000,0x000000079af80000)
 ParOldGen       total 65536K, used 7327K [0x0000000707000000, 0x000000070b000000, 0x0000000782580000)
  object space 65536K, 11% used [0x0000000707000000,0x0000000707727cd0,0x000000070b000000)
 Metaspace       used 23906K, capacity 29999K, committed 30336K, reserved 1071104K
  class space    used 5655K, capacity 7944K, committed 8064K, reserved 1048576K
Event: 6.077 GC heap after
Heap after GC invocations=7 (full 1):
 PSYoungGen      total 343040K, used 4510K [0x0000000782580000, 0x000000079ab00000, 0x00000007c0000000)
  eden space 338432K, 0% used [0x0000000782580000,0x0000000782580000,0x0000000797000000)
  from space 4608K, 97% used [0x000000079a680000,0x000000079aae7850,0x000000079ab00000)
  to   space 9216K, 0% used [0x0000000799900000,0x0000000799900000,0x000000079a200000)
 ParOldGen       total 65536K, used 7335K [0x0000000707000000, 0x000000070b000000, 0x0000000782580000)
  object space 65536K, 11% used [0x0000000707000000,0x0000000707729cd0,0x000000070b000000)
 Metaspace       used 23906K, capacity 29999K, committed 30336K, reserved 1071104K
  class space    used 5655K, capacity 7944K, committed 8064K, reserved 1048576K
}
Event: 9.054 GC heap before
{Heap before GC invocations=8 (full 1):
 PSYoungGen      total 343040K, used 342942K [0x0000000782580000, 0x000000079ab00000, 0x00000007c0000000)
  eden space 338432K, 100% used [0x0000000782580000,0x0000000797000000,0x0000000797000000)
  from space 4608K, 97% used [0x000000079a680000,0x000000079aae7850,0x000000079ab00000)
  to   space 9216K, 0% used [0x0000000799900000,0x0000000799900000,0x000000079a200000)
 ParOldGen       total 65536K, used 7335K [0x0000000707000000, 0x000000070b000000, 0x0000000782580000)
  object space 65536K, 11% used [0x0000000707000000,0x0000000707729cd0,0x000000070b000000)
 Metaspace       used 27037K, capacity 34449K, committed 34688K, reserved 1075200K
  class space    used 6667K, capacity 9490K, committed 9600K, reserved 1048576K
Event: 9.082 GC heap after
Heap after GC invocations=8 (full 1):
 PSYoungGen      total 389632K, used 8720K [0x0000000782580000, 0x00000007a6f80000, 0x00000007c0000000)
  eden space 380416K, 0% used [0x0000000782580000,0x0000000782580000,0x0000000799900000)
  from space 9216K, 94% used [0x0000000799900000,0x000000079a184010,0x000000079a200000)
  to   space 10240K, 0% used [0x00000007a6580000,0x00000007a6580000,0x00000007a6f80000)
 ParOldGen       total 65536K, used 7343K [0x0000000707000000, 0x000000070b000000, 0x0000000782580000)
  object space 65536K, 11% used [0x0000000707000000,0x000000070772bcd0,0x000000070b000000)
 Metaspace       used 27037K, capacity 34449K, committed 34688K, reserved 1075200K
  class space    used 6667K, capacity 9490K, committed 9600K, reserved 1048576K
}
Event: 11.865 GC heap before
{Heap before GC invocations=9 (full 1):
 PSYoungGen      total 389632K, used 389136K [0x0000000782580000, 0x00000007a6f80000, 0x00000007c0000000)
  eden space 380416K, 100% used [0x0000000782580000,0x0000000799900000,0x0000000799900000)
  from space 9216K, 94% used [0x0000000799900000,0x000000079a184010,0x000000079a200000)
  to   space 10240K, 0% used [0x00000007a6580000,0x00000007a6580000,0x00000007a6f80000)
 ParOldGen       total 65536K, used 7343K [0x0000000707000000, 0x000000070b000000, 0x0000000782580000)
  object space 65536K, 11% used [0x0000000707000000,0x000000070772bcd0,0x000000070b000000)
 Metaspace       used 27054K, capacity 34461K, committed 34688K, reserved 1075200K
  class space    used 6667K, capacity 9490K, committed 9600K, reserved 1048576K
Event: 11.894 GC heap after
Heap after GC invocations=9 (full 1):
 PSYoungGen      total 585216K, used 10240K [0x0000000782580000, 0x00000007aae80000, 0x00000007c0000000)
  eden space 574976K, 0% used [0x0000000782580000,0x0000000782580000,0x00000007a5700000)
  from space 10240K, 100% used [0x00000007a6580000,0x00000007a6f80000,0x00000007a6f80000)
  to   space 14848K, 0% used [0x00000007a5700000,0x00000007a5700000,0x00000007a6580000)
 ParOldGen       total 65536K, used 15695K [0x0000000707000000, 0x000000070b000000, 0x0000000782580000)
  object space 65536K, 23% used [0x0000000707000000,0x0000000707f53cd0,0x000000070b000000)
 Metaspace       used 27054K, capacity 34461K, committed 34688K, reserved 1075200K
  class space    used 6667K, capacity 9490K, committed 9600K, reserved 1048576K
}
Event: 12.832 GC heap before
{Heap before GC invocations=10 (full 1):
 PSYoungGen      total 585216K, used 585216K [0x0000000782580000, 0x00000007aae80000, 0x00000007c0000000)
  eden space 574976K, 100% used [0x0000000782580000,0x00000007a5700000,0x00000007a5700000)
  from space 10240K, 100% used [0x00000007a6580000,0x00000007a6f80000,0x00000007a6f80000)
  to   space 14848K, 0% used [0x00000007a5700000,0x00000007a5700000,0x00000007a6580000)
 ParOldGen       total 65536K, used 15695K [0x0000000707000000, 0x000000070b000000, 0x0000000782580000)
  object space 65536K, 23% used [0x0000000707000000,0x0000000707f53cd0,0x000000070b000000)
 Metaspace       used 27536K, capacity 35281K, committed 35456K, reserved 1075200K
  class space    used 6698K, capacity 9526K, committed 9600K, reserved 1048576K

