# JRE version: OpenJDK Runtime Environment (8.0_171-b10) (build 1.8.0_171-b10)
# Java VM: OpenJDK 64-Bit Server VM (25.171-b10 mixed mode linux-amd64 compressed oops)
Heap:
 PSYoungGen      total 416256K, used 13312K [0x0000000782580000, 0x000000079c900000, 0x00000007c0000000)
  eden space 402944K, 0% used [0x0000000782580000,0x0000000782580000,0x000000079af00000)
  from space 13312K, 100% used [0x000000079af00000,0x000000079bc00000,0x000000079bc00000)
  to   space 9216K, 0% used [0x000000079bf00000,0x000000079bf00000,0x000000079c800000)
 ParOldGen       total 67072K, used 42775K [0x0000000707000000, 0x000000070b180000, 0x0000000782580000)
  object space 67072K, 63% used [0x0000000707000000,0x00000007099c5d98,0x000000070b180000)
 Metaspace       used 27272K, capacity 34791K, committed 34944K, reserved 1075200K
  class space    used 6670K, capacity 9508K, committed 9600K, reserved 1048576K
GC Heap History (10 events):
Event: 12.573 GC heap after
Heap after GC invocations=9 (full 1):
 PSYoungGen      total 184832K, used 2871K [0x0000000782580000, 0x000000078ec80000, 0x00000007c0000000)
  eden space 181760K, 0% used [0x0000000782580000,0x0000000782580000,0x000000078d700000)
  from space 3072K, 93% used [0x000000078e980000,0x000000078ec4dc28,0x000000078ec80000)
  to   space 9728K, 0% used [0x000000078d980000,0x000000078d980000,0x000000078e300000)
 ParOldGen       total 67072K, used 7335K [0x0000000707000000, 0x000000070b180000, 0x0000000782580000)
  object space 67072K, 10% used [0x0000000707000000,0x0000000707729d88,0x000000070b180000)
 Metaspace       used 21317K, capacity 26009K, committed 26112K, reserved 1069056K
  class space    used 4795K, capacity 6606K, committed 6656K, reserved 1048576K
}
Event: 15.394 GC heap before
{Heap before GC invocations=10 (full 1):
 PSYoungGen      total 184832K, used 184631K [0x0000000782580000, 0x000000078ec80000, 0x00000007c0000000)
  eden space 181760K, 100% used [0x0000000782580000,0x000000078d700000,0x000000078d700000)
  from space 3072K, 93% used [0x000000078e980000,0x000000078ec4dc28,0x000000078ec80000)
  to   space 9728K, 0% used [0x000000078d980000,0x000000078d980000,0x000000078e300000)
 ParOldGen       total 67072K, used 7335K [0x0000000707000000, 0x000000070b180000, 0x0000000782580000)
  object space 67072K, 10% used [0x0000000707000000,0x0000000707729d88,0x000000070b180000)
 Metaspace       used 26067K, capacity 33075K, committed 33408K, reserved 1073152K
  class space    used 6387K, capacity 9000K, committed 9088K, reserved 1048576K
Event: 15.407 GC heap after
Heap after GC invocations=10 (full 1):
 PSYoungGen      total 194048K, used 4832K [0x0000000782580000, 0x0000000794600000, 0x00000007c0000000)
  eden space 184320K, 0% used [0x0000000782580000,0x0000000782580000,0x000000078d980000)
  from space 9728K, 49% used [0x000000078d980000,0x000000078de38020,0x000000078e300000)
  to   space 9216K, 0% used [0x0000000793d00000,0x0000000793d00000,0x0000000794600000)
 ParOldGen       total 67072K, used 7343K [0x0000000707000000, 0x000000070b180000, 0x0000000782580000)
  object space 67072K, 10% used [0x0000000707000000,0x000000070772bd88,0x000000070b180000)
 Metaspace       used 26067K, capacity 33075K, committed 33408K, reserved 1073152K
  class space    used 6387K, capacity 9000K, committed 9088K, reserved 1048576K
}
Event: 17.493 GC heap before
{Heap before GC invocations=11 (full 1):
 PSYoungGen      total 194048K, used 189152K [0x0000000782580000, 0x0000000794600000, 0x00000007c0000000)
  eden space 184320K, 100% used [0x0000000782580000,0x000000078d980000,0x000000078d980000)
  from space 9728K, 49% used [0x000000078d980000,0x000000078de38020,0x000000078e300000)
  to   space 9216K, 0% used [0x0000000793d00000,0x0000000793d00000,0x0000000794600000)
 ParOldGen       total 67072K, used 7343K [0x0000000707000000, 0x000000070b180000, 0x0000000782580000)
  object space 67072K, 10% used [0x0000000707000000,0x000000070772bd88,0x000000070b180000)
 Metaspace       used 26979K, capacity 34407K, committed 34688K, reserved 1075200K
  class space    used 6654K, capacity 9476K, committed 9600K, reserved 1048576K
Event: 17.502 GC heap after
Heap after GC invocations=11 (full 1):
 PSYoungGen      total 286208K, used 5696K [0x0000000782580000, 0x0000000794600000, 0x00000007c0000000)
  eden space 276992K, 0% used [0x0000000782580000,0x0000000782580000,0x0000000793400000)
  from space 9216K, 61% used [0x0000000793d00000,0x0000000794290000,0x0000000794600000)
  to   space 9216K, 0% used [0x0000000793400000,0x0000000793400000,0x0000000793d00000)
 ParOldGen       total 67072K, used 8639K [0x0000000707000000, 0x000000070b180000, 0x0000000782580000)
  object space 67072K, 12% used [0x0000000707000000,0x000000070786fd88,0x000000070b180000)
 Metaspace       used 26979K, capacity 34407K, committed 34688K, reserved 1075200K
  class space    used 6654K, capacity 9476K, committed 9600K, reserved 1048576K
}
Event: 20.265 GC heap before
{Heap before GC invocations=12 (full 1):
 PSYoungGen      total 286208K, used 282688K [0x0000000782580000, 0x0000000794600000, 0x00000007c0000000)
  eden space 276992K, 100% used [0x0000000782580000,0x0000000793400000,0x0000000793400000)
  from space 9216K, 61% used [0x0000000793d00000,0x0000000794290000,0x0000000794600000)
  to   space 9216K, 0% used [0x0000000793400000,0x0000000793400000,0x0000000793d00000)
 ParOldGen       total 67072K, used 8639K [0x0000000707000000, 0x000000070b180000, 0x0000000782580000)
  object space 67072K, 12% used [0x0000000707000000,0x000000070786fd88,0x000000070b180000)
 Metaspace       used 27011K, capacity 34419K, committed 34688K, reserved 1075200K
  class space    used 6654K, capacity 9476K, committed 9600K, reserved 1048576K
Event: 20.284 GC heap after
Heap after GC invocations=12 (full 1):
 PSYoungGen      total 286208K, used 7456K [0x0000000782580000, 0x000000079c800000, 0x00000007c0000000)
  eden space 276992K, 0% used [0x0000000782580000,0x0000000782580000,0x0000000793400000)
  from space 9216K, 80% used [0x0000000793400000,0x0000000793b48000,0x0000000793d00000)
  to   space 9216K, 0% used [0x000000079bf00000,0x000000079bf00000,0x000000079c800000)
 ParOldGen       total 67072K, used 14127K [0x0000000707000000, 0x000000070b180000, 0x0000000782580000)
  object space 67072K, 21% used [0x0000000707000000,0x0000000707dcbd98,0x000000070b180000)
 Metaspace       used 27011K, capacity 34419K, committed 34688K, reserved 1075200K
  class space    used 6654K, capacity 9476K, committed 9600K, reserved 1048576K
}
Event: 22.806 GC heap before
{Heap before GC invocations=13 (full 1):
 PSYoungGen      total 286208K, used 284448K [0x0000000782580000, 0x000000079c800000, 0x00000007c0000000)
  eden space 276992K, 100% used [0x0000000782580000,0x0000000793400000,0x0000000793400000)
  from space 9216K, 80% used [0x0000000793400000,0x0000000793b48000,0x0000000793d00000)
  to   space 9216K, 0% used [0x000000079bf00000,0x000000079bf00000,0x000000079c800000)
 ParOldGen       total 67072K, used 14127K [0x0000000707000000, 0x000000070b180000, 0x0000000782580000)
  object space 67072K, 21% used [0x0000000707000000,0x0000000707dcbd98,0x000000070b180000)
 Metaspace       used 27214K, capacity 34715K, committed 34944K, reserved 1075200K
  class space    used 6670K, capacity 9508K, committed 9600K, reserved 1048576K
Event: 22.821 GC heap after
Heap after GC invocations=13 (full 1):
 PSYoungGen      total 412160K, used 9216K [0x0000000782580000, 0x000000079c900000, 0x00000007c0000000)
  eden space 402944K, 0% used [0x0000000782580000,0x0000000782580000,0x000000079af00000)
  from space 9216K, 100% used [0x000000079bf00000,0x000000079c800000,0x000000079c800000)
  to   space 13312K, 0% used [0x000000079af00000,0x000000079af00000,0x000000079bc00000)
 ParOldGen       total 67072K, used 22967K [0x0000000707000000, 0x000000070b180000, 0x0000000782580000)
  object space 67072K, 34% used [0x0000000707000000,0x000000070866dd98,0x000000070b180000)
 Metaspace       used 27214K, capacity 34715K, committed 34944K, reserved 1075200K
  class space    used 6670K, capacity 9508K, committed 9600K, reserved 1048576K
}
Event: 26.073 GC heap before
{Heap before GC invocations=14 (full 1):
 PSYoungGen      total 412160K, used 412160K [0x0000000782580000, 0x000000079c900000, 0x00000007c0000000)
  eden space 402944K, 100% used [0x0000000782580000,0x000000079af00000,0x000000079af00000)
  from space 9216K, 100% used [0x000000079bf00000,0x000000079c800000,0x000000079c800000)
  to   space 13312K, 0% used [0x000000079af00000,0x000000079af00000,0x000000079bc00000)
 ParOldGen       total 67072K, used 22967K [0x0000000707000000, 0x000000070b180000, 0x0000000782580000)
  object space 67072K, 34% used [0x0000000707000000,0x000000070866dd98,0x000000070b180000)
 Metaspace       used 27272K, capacity 34791K, committed 34944K, reserved 1075200K
  class space    used 6670K, capacity 9508K, committed 9600K, reserved 1048576K

