# JRE version: OpenJDK Runtime Environment (8.0_171-b10) (build 1.8.0_171-b10)
# Java VM: OpenJDK 64-Bit Server VM (25.171-b10 mixed mode linux-amd64 compressed oops)
Heap:
 PSYoungGen      total 347648K, used 8624K [0x0000000782580000, 0x000000079ab00000, 0x00000007c0000000)
  eden space 338432K, 0% used [0x0000000782580000,0x0000000782580000,0x0000000797000000)
  from space 9216K, 93% used [0x0000000799900000,0x000000079a16c010,0x000000079a200000)
  to   space 4608K, 0% used [0x000000079a680000,0x000000079a680000,0x000000079ab00000)
 ParOldGen       total 66048K, used 7343K [0x0000000707000000, 0x000000070b080000, 0x0000000782580000)
  object space 66048K, 11% used [0x0000000707000000,0x000000070772bcd0,0x000000070b080000)
 Metaspace       used 27040K, capacity 34447K, committed 34688K, reserved 1075200K
  class space    used 6665K, capacity 9488K, committed 9600K, reserved 1048576K
GC Heap History (10 events):
Event: 3.923 GC heap after
Heap after GC invocations=3 (full 0):
 PSYoungGen      total 103936K, used 6704K [0x0000000782580000, 0x000000078f080000, 0x00000007c0000000)
  eden space 96256K, 0% used [0x0000000782580000,0x0000000782580000,0x0000000788380000)
  from space 7680K, 87% used [0x0000000788380000,0x0000000788a0c070,0x0000000788b00000)
  to   space 7680K, 0% used [0x000000078e900000,0x000000078e900000,0x000000078f080000)
 ParOldGen       total 126976K, used 462K [0x0000000707000000, 0x000000070ec00000, 0x0000000782580000)
  object space 126976K, 0% used [0x0000000707000000,0x0000000707073b40,0x000000070ec00000)
 Metaspace       used 16333K, capacity 18081K, committed 18304K, reserved 1062912K
  class space    used 3206K, capacity 3922K, committed 3968K, reserved 1048576K
}
Event: 4.662 GC heap before
{Heap before GC invocations=4 (full 0):
 PSYoungGen      total 103936K, used 102960K [0x0000000782580000, 0x000000078f080000, 0x00000007c0000000)
  eden space 96256K, 100% used [0x0000000782580000,0x0000000788380000,0x0000000788380000)
  from space 7680K, 87% used [0x0000000788380000,0x0000000788a0c070,0x0000000788b00000)
  to   space 7680K, 0% used [0x000000078e900000,0x000000078e900000,0x000000078f080000)
 ParOldGen       total 126976K, used 462K [0x0000000707000000, 0x000000070ec00000, 0x0000000782580000)
  object space 126976K, 0% used [0x0000000707000000,0x0000000707073b40,0x000000070ec00000)
 Metaspace       used 18281K, capacity 21043K, committed 21296K, reserved 1064960K
  class space    used 3839K, capacity 4900K, committed 4992K, reserved 1048576K
Event: 4.680 GC heap after
Heap after GC invocations=4 (full 0):
 PSYoungGen      total 200192K, used 7504K [0x0000000782580000, 0x000000078f080000, 0x00000007c0000000)
  eden space 192512K, 0% used [0x0000000782580000,0x0000000782580000,0x000000078e180000)
  from space 7680K, 97% used [0x000000078e900000,0x000000078f054090,0x000000078f080000)
  to   space 7680K, 0% used [0x000000078e180000,0x000000078e180000,0x000000078e900000)
 ParOldGen       total 126976K, used 470K [0x0000000707000000, 0x000000070ec00000, 0x0000000782580000)
  object space 126976K, 0% used [0x0000000707000000,0x0000000707075b40,0x000000070ec00000)
 Metaspace       used 18281K, capacity 21043K, committed 21296K, reserved 1064960K
  class space    used 3839K, capacity 4900K, committed 4992K, reserved 1048576K
}
Event: 4.766 GC heap before
{Heap before GC invocations=5 (full 0):
 PSYoungGen      total 200192K, used 18742K [0x0000000782580000, 0x000000078f080000, 0x00000007c0000000)
  eden space 192512K, 5% used [0x0000000782580000,0x0000000783079a80,0x000000078e180000)
  from space 7680K, 97% used [0x000000078e900000,0x000000078f054090,0x000000078f080000)
  to   space 7680K, 0% used [0x000000078e180000,0x000000078e180000,0x000000078e900000)
 ParOldGen       total 126976K, used 470K [0x0000000707000000, 0x000000070ec00000, 0x0000000782580000)
  object space 126976K, 0% used [0x0000000707000000,0x0000000707075b40,0x000000070ec00000)
 Metaspace       used 18456K, capacity 21259K, committed 21296K, reserved 1064960K
  class space    used 3887K, capacity 4956K, committed 4992K, reserved 1048576K
Event: 4.784 GC heap after
Heap after GC invocations=5 (full 0):
 PSYoungGen      total 200192K, used 7616K [0x0000000782580000, 0x000000079af80000, 0x00000007c0000000)
  eden space 192512K, 0% used [0x0000000782580000,0x0000000782580000,0x000000078e180000)
  from space 7680K, 99% used [0x000000078e180000,0x000000078e8f0040,0x000000078e900000)
  to   space 9216K, 0% used [0x000000079a680000,0x000000079a680000,0x000000079af80000)
 ParOldGen       total 126976K, used 478K [0x0000000707000000, 0x000000070ec00000, 0x0000000782580000)
  object space 126976K, 0% used [0x0000000707000000,0x0000000707077b40,0x000000070ec00000)
 Metaspace       used 18456K, capacity 21259K, committed 21296K, reserved 1064960K
  class space    used 3887K, capacity 4956K, committed 4992K, reserved 1048576K
}
Event: 4.784 GC heap before
{Heap before GC invocations=6 (full 1):
 PSYoungGen      total 200192K, used 7616K [0x0000000782580000, 0x000000079af80000, 0x00000007c0000000)
  eden space 192512K, 0% used [0x0000000782580000,0x0000000782580000,0x000000078e180000)
  from space 7680K, 99% used [0x000000078e180000,0x000000078e8f0040,0x000000078e900000)
  to   space 9216K, 0% used [0x000000079a680000,0x000000079a680000,0x000000079af80000)
 ParOldGen       total 126976K, used 478K [0x0000000707000000, 0x000000070ec00000, 0x0000000782580000)
  object space 126976K, 0% used [0x0000000707000000,0x0000000707077b40,0x000000070ec00000)
 Metaspace       used 18456K, capacity 21259K, committed 21296K, reserved 1064960K
  class space    used 3887K, capacity 4956K, committed 4992K, reserved 1048576K
Event: 4.842 GC heap after
Heap after GC invocations=6 (full 1):
 PSYoungGen      total 200192K, used 0K [0x0000000782580000, 0x000000079af80000, 0x00000007c0000000)
  eden space 192512K, 0% used [0x0000000782580000,0x0000000782580000,0x000000078e180000)
  from space 7680K, 0% used [0x000000078e180000,0x000000078e180000,0x000000078e900000)
  to   space 9216K, 0% used [0x000000079a680000,0x000000079a680000,0x000000079af80000)
 ParOldGen       total 66048K, used 7327K [0x0000000707000000, 0x000000070b080000, 0x0000000782580000)
  object space 66048K, 11% used [0x0000000707000000,0x0000000707727cd0,0x000000070b080000)
 Metaspace       used 18456K, capacity 21259K, committed 21296K, reserved 1064960K
  class space    used 3887K, capacity 4956K, committed 4992K, reserved 1048576K
}
Event: 6.743 GC heap before
{Heap before GC invocations=7 (full 1):
 PSYoungGen      total 200192K, used 192512K [0x0000000782580000, 0x000000079af80000, 0x00000007c0000000)
  eden space 192512K, 100% used [0x0000000782580000,0x000000078e180000,0x000000078e180000)
  from space 7680K, 0% used [0x000000078e180000,0x000000078e180000,0x000000078e900000)
  to   space 9216K, 0% used [0x000000079a680000,0x000000079a680000,0x000000079af80000)
 ParOldGen       total 66048K, used 7327K [0x0000000707000000, 0x000000070b080000, 0x0000000782580000)
  object space 66048K, 11% used [0x0000000707000000,0x0000000707727cd0,0x000000070b080000)
 Metaspace       used 23908K, capacity 29997K, committed 30336K, reserved 1071104K
  class space    used 5653K, capacity 7942K, committed 8064K, reserved 1048576K
Event: 6.753 GC heap after
Heap after GC invocations=7 (full 1):
 PSYoungGen      total 343040K, used 4510K [0x0000000782580000, 0x000000079ab00000, 0x00000007c0000000)
  eden space 338432K, 0% used [0x0000000782580000,0x0000000782580000,0x0000000797000000)
  from space 4608K, 97% used [0x000000079a680000,0x000000079aae7900,0x000000079ab00000)
  to   space 9216K, 0% used [0x0000000799900000,0x0000000799900000,0x000000079a200000)
 ParOldGen       total 66048K, used 7335K [0x0000000707000000, 0x000000070b080000, 0x0000000782580000)
  object space 66048K, 11% used [0x0000000707000000,0x0000000707729cd0,0x000000070b080000)
 Metaspace       used 23908K, capacity 29997K, committed 30336K, reserved 1071104K
  class space    used 5653K, capacity 7942K, committed 8064K, reserved 1048576K
}
Event: 11.242 GC heap before
{Heap before GC invocations=8 (full 1):
 PSYoungGen      total 343040K, used 342942K [0x0000000782580000, 0x000000079ab00000, 0x00000007c0000000)
  eden space 338432K, 100% used [0x0000000782580000,0x0000000797000000,0x0000000797000000)
  from space 4608K, 97% used [0x000000079a680000,0x000000079aae7900,0x000000079ab00000)
  to   space 9216K, 0% used [0x0000000799900000,0x0000000799900000,0x000000079a200000)
 ParOldGen       total 66048K, used 7335K [0x0000000707000000, 0x000000070b080000, 0x0000000782580000)
  object space 66048K, 11% used [0x0000000707000000,0x0000000707729cd0,0x000000070b080000)
 Metaspace       used 27040K, capacity 34447K, committed 34688K, reserved 1075200K
  class space    used 6665K, capacity 9488K, committed 9600K, reserved 1048576K

