# JRE version: OpenJDK Runtime Environment (8.0_171-b10) (build 1.8.0_171-b10)
# Java VM: OpenJDK 64-Bit Server VM (25.171-b10 mixed mode linux-amd64 compressed oops)
Heap:
 PSYoungGen      total 699904K, used 2016K [0x0000000782580000, 0x00000007b1700000, 0x00000007c0000000)
  eden space 672768K, 0% used [0x0000000782580000,0x0000000782580000,0x00000007ab680000)
  from space 27136K, 7% used [0x00000007ab680000,0x00000007ab878000,0x00000007ad100000)
  to   space 26624K, 0% used [0x00000007ad100000,0x00000007ad100000,0x00000007aeb00000)
 ParOldGen       total 142848K, used 58325K [0x0000000707000000, 0x000000070fb80000, 0x0000000782580000)
  object space 142848K, 40% used [0x0000000707000000,0x000000070a8f57b0,0x000000070fb80000)
 Metaspace       used 27743K, capacity 35653K, committed 35752K, reserved 1075200K
  class space    used 6686K, capacity 9513K, committed 9600K, reserved 1048576K
GC Heap History (10 events):
Event: 22.132 GC heap after
Heap after GC invocations=10 (full 1):
 PSYoungGen      total 346624K, used 9216K [0x0000000782580000, 0x00000007a0800000, 0x00000007c0000000)
  eden space 337408K, 0% used [0x0000000782580000,0x0000000782580000,0x0000000796f00000)
  from space 9216K, 100% used [0x0000000796f00000,0x0000000797800000,0x0000000797800000)
  to   space 11776K, 0% used [0x000000079fc80000,0x000000079fc80000,0x00000007a0800000)
 ParOldGen       total 65024K, used 11589K [0x0000000707000000, 0x000000070af80000, 0x0000000782580000)
  object space 65024K, 17% used [0x0000000707000000,0x0000000707b51650,0x000000070af80000)
 Metaspace       used 27010K, capacity 34419K, committed 34688K, reserved 1075200K
  class space    used 6654K, capacity 9476K, committed 9600K, reserved 1048576K
}
Event: 25.749 GC heap before
{Heap before GC invocations=11 (full 1):
 PSYoungGen      total 346624K, used 346624K [0x0000000782580000, 0x00000007a0800000, 0x00000007c0000000)
  eden space 337408K, 100% used [0x0000000782580000,0x0000000796f00000,0x0000000796f00000)
  from space 9216K, 100% used [0x0000000796f00000,0x0000000797800000,0x0000000797800000)
  to   space 11776K, 0% used [0x000000079fc80000,0x000000079fc80000,0x00000007a0800000)
 ParOldGen       total 65024K, used 11589K [0x0000000707000000, 0x000000070af80000, 0x0000000782580000)
  object space 65024K, 17% used [0x0000000707000000,0x0000000707b51650,0x000000070af80000)
 Metaspace       used 27235K, capacity 34783K, committed 34944K, reserved 1075200K
  class space    used 6670K, capacity 9508K, committed 9600K, reserved 1048576K
Event: 25.803 GC heap after
Heap after GC invocations=11 (full 1):
 PSYoungGen      total 476160K, used 11776K [0x0000000782580000, 0x00000007a1380000, 0x00000007c0000000)
  eden space 464384K, 0% used [0x0000000782580000,0x0000000782580000,0x000000079eb00000)
  from space 11776K, 100% used [0x000000079fc80000,0x00000007a0800000,0x00000007a0800000)
  to   space 17920K, 0% used [0x000000079eb00000,0x000000079eb00000,0x000000079fc80000)
 ParOldGen       total 65024K, used 24012K [0x0000000707000000, 0x000000070af80000, 0x0000000782580000)
  object space 65024K, 36% used [0x0000000707000000,0x0000000708773088,0x000000070af80000)
 Metaspace       used 27235K, capacity 34783K, committed 34944K, reserved 1075200K
  class space    used 6670K, capacity 9508K, committed 9600K, reserved 1048576K
}
Event: 26.746 GC heap before
{Heap before GC invocations=12 (full 1):
 PSYoungGen      total 476160K, used 476160K [0x0000000782580000, 0x00000007a1380000, 0x00000007c0000000)
  eden space 464384K, 100% used [0x0000000782580000,0x000000079eb00000,0x000000079eb00000)
  from space 11776K, 100% used [0x000000079fc80000,0x00000007a0800000,0x00000007a0800000)
  to   space 17920K, 0% used [0x000000079eb00000,0x000000079eb00000,0x000000079fc80000)
 ParOldGen       total 65024K, used 24012K [0x0000000707000000, 0x000000070af80000, 0x0000000782580000)
  object space 65024K, 36% used [0x0000000707000000,0x0000000708773088,0x000000070af80000)
 Metaspace       used 27557K, capacity 35375K, committed 35496K, reserved 1075200K
  class space    used 6684K, capacity 9510K, committed 9600K, reserved 1048576K
Event: 26.849 GC heap after
Heap after GC invocations=12 (full 1):
 PSYoungGen      total 482304K, used 17920K [0x0000000782580000, 0x00000007aeb00000, 0x00000007c0000000)
  eden space 464384K, 0% used [0x0000000782580000,0x0000000782580000,0x000000079eb00000)
  from space 17920K, 100% used [0x000000079eb00000,0x000000079fc80000,0x000000079fc80000)
  to   space 26624K, 0% used [0x00000007ad100000,0x00000007ad100000,0x00000007aeb00000)
 ParOldGen       total 65024K, used 41751K [0x0000000707000000, 0x000000070af80000, 0x0000000782580000)
  object space 65024K, 64% used [0x0000000707000000,0x00000007098c5d40,0x000000070af80000)
 Metaspace       used 27557K, capacity 35375K, committed 35496K, reserved 1075200K
  class space    used 6684K, capacity 9510K, committed 9600K, reserved 1048576K
}
Event: 26.929 GC heap before
{Heap before GC invocations=13 (full 1):
 PSYoungGen      total 482304K, used 43953K [0x0000000782580000, 0x00000007aeb00000, 0x00000007c0000000)
  eden space 464384K, 5% used [0x0000000782580000,0x0000000783eec428,0x000000079eb00000)
  from space 17920K, 100% used [0x000000079eb00000,0x000000079fc80000,0x000000079fc80000)
  to   space 26624K, 0% used [0x00000007ad100000,0x00000007ad100000,0x00000007aeb00000)
 ParOldGen       total 65024K, used 41751K [0x0000000707000000, 0x000000070af80000, 0x0000000782580000)
  object space 65024K, 64% used [0x0000000707000000,0x00000007098c5d40,0x000000070af80000)
 Metaspace       used 27566K, capacity 35379K, committed 35496K, reserved 1075200K
  class space    used 6684K, capacity 9510K, committed 9600K, reserved 1048576K
Event: 26.996 GC heap after
Heap after GC invocations=13 (full 1):
 PSYoungGen      total 699392K, used 640K [0x0000000782580000, 0x00000007b1700000, 0x00000007c0000000)
  eden space 672768K, 0% used [0x0000000782580000,0x0000000782580000,0x00000007ab680000)
  from space 26624K, 2% used [0x00000007ad100000,0x00000007ad1a0000,0x00000007aeb00000)
  to   space 27136K, 0% used [0x00000007ab680000,0x00000007ab680000,0x00000007ad100000)
 ParOldGen       total 65024K, used 59506K [0x0000000707000000, 0x000000070af80000, 0x0000000782580000)
  object space 65024K, 91% used [0x0000000707000000,0x000000070aa1cae0,0x000000070af80000)
 Metaspace       used 27566K, capacity 35379K, committed 35496K, reserved 1075200K
  class space    used 6684K, capacity 9510K, committed 9600K, reserved 1048576K
}
Event: 26.996 GC heap before
{Heap before GC invocations=14 (full 2):
 PSYoungGen      total 699392K, used 640K [0x0000000782580000, 0x00000007b1700000, 0x00000007c0000000)
  eden space 672768K, 0% used [0x0000000782580000,0x0000000782580000,0x00000007ab680000)
  from space 26624K, 2% used [0x00000007ad100000,0x00000007ad1a0000,0x00000007aeb00000)
  to   space 27136K, 0% used [0x00000007ab680000,0x00000007ab680000,0x00000007ad100000)
 ParOldGen       total 65024K, used 59506K [0x0000000707000000, 0x000000070af80000, 0x0000000782580000)
  object space 65024K, 91% used [0x0000000707000000,0x000000070aa1cae0,0x000000070af80000)
 Metaspace       used 27566K, capacity 35379K, committed 35496K, reserved 1075200K
  class space    used 6684K, capacity 9510K, committed 9600K, reserved 1048576K
Event: 27.865 GC heap after
Heap after GC invocations=14 (full 2):
 PSYoungGen      total 699392K, used 0K [0x0000000782580000, 0x00000007b1700000, 0x00000007c0000000)
  eden space 672768K, 0% used [0x0000000782580000,0x0000000782580000,0x00000007ab680000)
  from space 26624K, 0% used [0x00000007ad100000,0x00000007ad100000,0x00000007aeb00000)
  to   space 27136K, 0% used [0x00000007ab680000,0x00000007ab680000,0x00000007ad100000)
 ParOldGen       total 142848K, used 58317K [0x0000000707000000, 0x000000070fb80000, 0x0000000782580000)
  object space 142848K, 40% used [0x0000000707000000,0x000000070a8f37b0,0x000000070fb80000)
 Metaspace       used 27566K, capacity 35379K, committed 35496K, reserved 1075200K
  class space    used 6684K, capacity 9510K, committed 9600K, reserved 1048576K
}
Event: 29.083 GC heap before
{Heap before GC invocations=15 (full 2):
 PSYoungGen      total 699392K, used 672768K [0x0000000782580000, 0x00000007b1700000, 0x00000007c0000000)
  eden space 672768K, 100% used [0x0000000782580000,0x00000007ab680000,0x00000007ab680000)
  from space 26624K, 0% used [0x00000007ad100000,0x00000007ad100000,0x00000007aeb00000)
  to   space 27136K, 0% used [0x00000007ab680000,0x00000007ab680000,0x00000007ad100000)
 ParOldGen       total 142848K, used 58317K [0x0000000707000000, 0x000000070fb80000, 0x0000000782580000)
  object space 142848K, 40% used [0x0000000707000000,0x000000070a8f37b0,0x000000070fb80000)
 Metaspace       used 27743K, capacity 35653K, committed 35752K, reserved 1075200K
  class space    used 6686K, capacity 9513K, committed 9600K, reserved 1048576K

