# JRE version: OpenJDK Runtime Environment (8.0_171-b10) (build 1.8.0_171-b10)
# Java VM: OpenJDK 64-Bit Server VM (25.171-b10 mixed mode linux-amd64 compressed oops)
Heap:
 PSYoungGen      total 612864K, used 14848K [0x0000000782580000, 0x00000007abb00000, 0x00000007c0000000)
  eden space 598016K, 0% used [0x0000000782580000,0x0000000782580000,0x00000007a6d80000)
  from space 14848K, 100% used [0x00000007a6d80000,0x00000007a7c00000,0x00000007a7c00000)
  to   space 10240K, 0% used [0x00000007a7c00000,0x00000007a7c00000,0x00000007a8600000)
 ParOldGen       total 64512K, used 45461K [0x0000000707000000, 0x000000070af00000, 0x0000000782580000)
  object space 64512K, 70% used [0x0000000707000000,0x0000000709c65450,0x000000070af00000)
 Metaspace       used 27453K, capacity 35253K, committed 35456K, reserved 1075200K
  class space    used 6687K, capacity 9522K, committed 9600K, reserved 1048576K
GC Heap History (10 events):
Event: 4.816 GC heap after
Heap after GC invocations=5 (full 0):
 PSYoungGen      total 200192K, used 7536K [0x0000000782580000, 0x000000079af80000, 0x00000007c0000000)
  eden space 192512K, 0% used [0x0000000782580000,0x0000000782580000,0x000000078e180000)
  from space 7680K, 98% used [0x000000078e180000,0x000000078e8dc090,0x000000078e900000)
  to   space 9216K, 0% used [0x000000079a680000,0x000000079a680000,0x000000079af80000)
 ParOldGen       total 126976K, used 390K [0x0000000707000000, 0x000000070ec00000, 0x0000000782580000)
  object space 126976K, 0% used [0x0000000707000000,0x0000000707061b40,0x000000070ec00000)
 Metaspace       used 18455K, capacity 21259K, committed 21296K, reserved 1064960K
  class space    used 3887K, capacity 4956K, committed 4992K, reserved 1048576K
}
Event: 4.816 GC heap before
{Heap before GC invocations=6 (full 1):
 PSYoungGen      total 200192K, used 7536K [0x0000000782580000, 0x000000079af80000, 0x00000007c0000000)
  eden space 192512K, 0% used [0x0000000782580000,0x0000000782580000,0x000000078e180000)
  from space 7680K, 98% used [0x000000078e180000,0x000000078e8dc090,0x000000078e900000)
  to   space 9216K, 0% used [0x000000079a680000,0x000000079a680000,0x000000079af80000)
 ParOldGen       total 126976K, used 390K [0x0000000707000000, 0x000000070ec00000, 0x0000000782580000)
  object space 126976K, 0% used [0x0000000707000000,0x0000000707061b40,0x000000070ec00000)
 Metaspace       used 18455K, capacity 21259K, committed 21296K, reserved 1064960K
  class space    used 3887K, capacity 4956K, committed 4992K, reserved 1048576K
Event: 4.861 GC heap after
Heap after GC invocations=6 (full 1):
 PSYoungGen      total 200192K, used 0K [0x0000000782580000, 0x000000079af80000, 0x00000007c0000000)
  eden space 192512K, 0% used [0x0000000782580000,0x0000000782580000,0x000000078e180000)
  from space 7680K, 0% used [0x000000078e180000,0x000000078e180000,0x000000078e900000)
  to   space 9216K, 0% used [0x000000079a680000,0x000000079a680000,0x000000079af80000)
 ParOldGen       total 64512K, used 7325K [0x0000000707000000, 0x000000070af00000, 0x0000000782580000)
  object space 64512K, 11% used [0x0000000707000000,0x0000000707727440,0x000000070af00000)
 Metaspace       used 18455K, capacity 21259K, committed 21296K, reserved 1064960K
  class space    used 3887K, capacity 4956K, committed 4992K, reserved 1048576K
}
Event: 6.401 GC heap before
{Heap before GC invocations=7 (full 1):
 PSYoungGen      total 200192K, used 192512K [0x0000000782580000, 0x000000079af80000, 0x00000007c0000000)
  eden space 192512K, 100% used [0x0000000782580000,0x000000078e180000,0x000000078e180000)
  from space 7680K, 0% used [0x000000078e180000,0x000000078e180000,0x000000078e900000)
  to   space 9216K, 0% used [0x000000079a680000,0x000000079a680000,0x000000079af80000)
 ParOldGen       total 64512K, used 7325K [0x0000000707000000, 0x000000070af00000, 0x0000000782580000)
  object space 64512K, 11% used [0x0000000707000000,0x0000000707727440,0x000000070af00000)
 Metaspace       used 23857K, capacity 29909K, committed 29952K, reserved 1071104K
  class space    used 5637K, capacity 7914K, committed 7936K, reserved 1048576K
Event: 6.412 GC heap after
Heap after GC invocations=7 (full 1):
 PSYoungGen      total 349184K, used 4424K [0x0000000782580000, 0x000000079ab00000, 0x00000007c0000000)
  eden space 344576K, 0% used [0x0000000782580000,0x0000000782580000,0x0000000797600000)
  from space 4608K, 96% used [0x000000079a680000,0x000000079aad23d0,0x000000079ab00000)
  to   space 9216K, 0% used [0x0000000799900000,0x0000000799900000,0x000000079a200000)
 ParOldGen       total 64512K, used 7333K [0x0000000707000000, 0x000000070af00000, 0x0000000782580000)
  object space 64512K, 11% used [0x0000000707000000,0x0000000707729440,0x000000070af00000)
 Metaspace       used 23857K, capacity 29909K, committed 29952K, reserved 1071104K
  class space    used 5637K, capacity 7914K, committed 7936K, reserved 1048576K
}
Event: 9.212 GC heap before
{Heap before GC invocations=8 (full 1):
 PSYoungGen      total 349184K, used 349000K [0x0000000782580000, 0x000000079ab00000, 0x00000007c0000000)
  eden space 344576K, 100% used [0x0000000782580000,0x0000000797600000,0x0000000797600000)
  from space 4608K, 96% used [0x000000079a680000,0x000000079aad23d0,0x000000079ab00000)
  to   space 9216K, 0% used [0x0000000799900000,0x0000000799900000,0x000000079a200000)
 ParOldGen       total 64512K, used 7333K [0x0000000707000000, 0x000000070af00000, 0x0000000782580000)
  object space 64512K, 11% used [0x0000000707000000,0x0000000707729440,0x000000070af00000)
 Metaspace       used 27043K, capacity 34449K, committed 34688K, reserved 1075200K
  class space    used 6667K, capacity 9490K, committed 9600K, reserved 1048576K
Event: 9.228 GC heap after
Heap after GC invocations=8 (full 1):
 PSYoungGen      total 389632K, used 8720K [0x0000000782580000, 0x00000007a8600000, 0x00000007c0000000)
  eden space 380416K, 0% used [0x0000000782580000,0x0000000782580000,0x0000000799900000)
  from space 9216K, 94% used [0x0000000799900000,0x000000079a184010,0x000000079a200000)
  to   space 10240K, 0% used [0x00000007a7c00000,0x00000007a7c00000,0x00000007a8600000)
 ParOldGen       total 64512K, used 7341K [0x0000000707000000, 0x000000070af00000, 0x0000000782580000)
  object space 64512K, 11% used [0x0000000707000000,0x000000070772b440,0x000000070af00000)
 Metaspace       used 27043K, capacity 34449K, committed 34688K, reserved 1075200K
  class space    used 6667K, capacity 9490K, committed 9600K, reserved 1048576K
}
Event: 12.386 GC heap before
{Heap before GC invocations=9 (full 1):
 PSYoungGen      total 389632K, used 389136K [0x0000000782580000, 0x00000007a8600000, 0x00000007c0000000)
  eden space 380416K, 100% used [0x0000000782580000,0x0000000799900000,0x0000000799900000)
  from space 9216K, 94% used [0x0000000799900000,0x000000079a184010,0x000000079a200000)
  to   space 10240K, 0% used [0x00000007a7c00000,0x00000007a7c00000,0x00000007a8600000)
 ParOldGen       total 64512K, used 7341K [0x0000000707000000, 0x000000070af00000, 0x0000000782580000)
  object space 64512K, 11% used [0x0000000707000000,0x000000070772b440,0x000000070af00000)
 Metaspace       used 27059K, capacity 34461K, committed 34688K, reserved 1075200K
  class space    used 6667K, capacity 9490K, committed 9600K, reserved 1048576K
Event: 12.402 GC heap after
Heap after GC invocations=9 (full 1):
 PSYoungGen      total 608256K, used 10224K [0x0000000782580000, 0x00000007abb00000, 0x00000007c0000000)
  eden space 598016K, 0% used [0x0000000782580000,0x0000000782580000,0x00000007a6d80000)
  from space 10240K, 99% used [0x00000007a7c00000,0x00000007a85fc010,0x00000007a8600000)
  to   space 14848K, 0% used [0x00000007a6d80000,0x00000007a6d80000,0x00000007a7c00000)
 ParOldGen       total 64512K, used 15597K [0x0000000707000000, 0x000000070af00000, 0x0000000782580000)
  object space 64512K, 24% used [0x0000000707000000,0x0000000707f3b440,0x000000070af00000)
 Metaspace       used 27059K, capacity 34461K, committed 34688K, reserved 1075200K
  class space    used 6667K, capacity 9490K, committed 9600K, reserved 1048576K
}
Event: 15.367 GC heap before
{Heap before GC invocations=10 (full 1):
 PSYoungGen      total 608256K, used 608240K [0x0000000782580000, 0x00000007abb00000, 0x00000007c0000000)
  eden space 598016K, 100% used [0x0000000782580000,0x00000007a6d80000,0x00000007a6d80000)
  from space 10240K, 99% used [0x00000007a7c00000,0x00000007a85fc010,0x00000007a8600000)
  to   space 14848K, 0% used [0x00000007a6d80000,0x00000007a6d80000,0x00000007a7c00000)
 ParOldGen       total 64512K, used 15597K [0x0000000707000000, 0x000000070af00000, 0x0000000782580000)
  object space 64512K, 24% used [0x0000000707000000,0x0000000707f3b440,0x000000070af00000)
 Metaspace       used 27453K, capacity 35253K, committed 35456K, reserved 1075200K
  class space    used 6687K, capacity 9522K, committed 9600K, reserved 1048576K

