# JRE version: OpenJDK Runtime Environment (8.0_171-b10) (build 1.8.0_171-b10)
# Java VM: OpenJDK 64-Bit Server VM (25.171-b10 mixed mode linux-amd64 compressed oops)
Heap:
 PSYoungGen      total 201728K, used 4514K [0x0000000782580000, 0x000000078f380000, 0x00000007c0000000)
  eden space 192512K, 0% used [0x0000000782580000,0x0000000782580000,0x000000078e180000)
  from space 9216K, 48% used [0x000000078e180000,0x000000078e5e89e0,0x000000078ea80000)
  to   space 9216K, 0% used [0x000000078ea80000,0x000000078ea80000,0x000000078f380000)
 ParOldGen       total 63488K, used 7335K [0x0000000707000000, 0x000000070ae00000, 0x0000000782580000)
  object space 63488K, 11% used [0x0000000707000000,0x0000000707729cd0,0x000000070ae00000)
 Metaspace       used 23903K, capacity 29985K, committed 30336K, reserved 1071104K
  class space    used 5651K, capacity 7938K, committed 8064K, reserved 1048576K
GC Heap History (10 events):
Event: 2.956 GC heap after
Heap after GC invocations=3 (full 0):
 PSYoungGen      total 55808K, used 5456K [0x0000000782580000, 0x0000000789280000, 0x00000007c0000000)
  eden space 48128K, 0% used [0x0000000782580000,0x0000000782580000,0x0000000785480000)
  from space 7680K, 71% used [0x0000000785480000,0x00000007859d4070,0x0000000785c00000)
  to   space 7680K, 0% used [0x0000000788b00000,0x0000000788b00000,0x0000000789280000)
 ParOldGen       total 126976K, used 474K [0x0000000707000000, 0x000000070ec00000, 0x0000000782580000)
  object space 126976K, 0% used [0x0000000707000000,0x0000000707076a78,0x000000070ec00000)
 Metaspace       used 14645K, capacity 15633K, committed 15872K, reserved 1062912K
  class space    used 2684K, capacity 3010K, committed 3072K, reserved 1048576K
}
Event: 3.603 GC heap before
{Heap before GC invocations=4 (full 0):
 PSYoungGen      total 55808K, used 53584K [0x0000000782580000, 0x0000000789280000, 0x00000007c0000000)
  eden space 48128K, 100% used [0x0000000782580000,0x0000000785480000,0x0000000785480000)
  from space 7680K, 71% used [0x0000000785480000,0x00000007859d4070,0x0000000785c00000)
  to   space 7680K, 0% used [0x0000000788b00000,0x0000000788b00000,0x0000000789280000)
 ParOldGen       total 126976K, used 474K [0x0000000707000000, 0x000000070ec00000, 0x0000000782580000)
  object space 126976K, 0% used [0x0000000707000000,0x0000000707076a78,0x000000070ec00000)
 Metaspace       used 16376K, capacity 18187K, committed 18304K, reserved 1062912K
  class space    used 3217K, capacity 3936K, committed 3968K, reserved 1048576K
Event: 3.617 GC heap after
Heap after GC invocations=4 (full 0):
 PSYoungGen      total 103936K, used 6576K [0x0000000782580000, 0x0000000789280000, 0x00000007c0000000)
  eden space 96256K, 0% used [0x0000000782580000,0x0000000782580000,0x0000000788380000)
  from space 7680K, 85% used [0x0000000788b00000,0x000000078916c050,0x0000000789280000)
  to   space 7680K, 0% used [0x0000000788380000,0x0000000788380000,0x0000000788b00000)
 ParOldGen       total 126976K, used 482K [0x0000000707000000, 0x000000070ec00000, 0x0000000782580000)
  object space 126976K, 0% used [0x0000000707000000,0x0000000707078a78,0x000000070ec00000)
 Metaspace       used 16376K, capacity 18187K, committed 18304K, reserved 1062912K
  class space    used 3217K, capacity 3936K, committed 3968K, reserved 1048576K
}
Event: 4.515 GC heap before
{Heap before GC invocations=5 (full 0):
 PSYoungGen      total 103936K, used 102832K [0x0000000782580000, 0x0000000789280000, 0x00000007c0000000)
  eden space 96256K, 100% used [0x0000000782580000,0x0000000788380000,0x0000000788380000)
  from space 7680K, 85% used [0x0000000788b00000,0x000000078916c050,0x0000000789280000)
  to   space 7680K, 0% used [0x0000000788380000,0x0000000788380000,0x0000000788b00000)
 ParOldGen       total 126976K, used 482K [0x0000000707000000, 0x000000070ec00000, 0x0000000782580000)
  object space 126976K, 0% used [0x0000000707000000,0x0000000707078a78,0x000000070ec00000)
 Metaspace       used 18291K, capacity 21055K, committed 21296K, reserved 1064960K
  class space    used 3843K, capacity 4904K, committed 4992K, reserved 1048576K
Event: 4.545 GC heap after
Heap after GC invocations=5 (full 0):
 PSYoungGen      total 103936K, used 7648K [0x0000000782580000, 0x000000078f380000, 0x00000007c0000000)
  eden space 96256K, 0% used [0x0000000782580000,0x0000000782580000,0x0000000788380000)
  from space 7680K, 99% used [0x0000000788380000,0x0000000788af8040,0x0000000788b00000)
  to   space 9216K, 0% used [0x000000078ea80000,0x000000078ea80000,0x000000078f380000)
 ParOldGen       total 126976K, used 518K [0x0000000707000000, 0x000000070ec00000, 0x0000000782580000)
  object space 126976K, 0% used [0x0000000707000000,0x0000000707081b08,0x000000070ec00000)
 Metaspace       used 18291K, capacity 21055K, committed 21296K, reserved 1064960K
  class space    used 3843K, capacity 4904K, committed 4992K, reserved 1048576K
}
Event: 4.603 GC heap before
{Heap before GC invocations=6 (full 0):
 PSYoungGen      total 103936K, used 17073K [0x0000000782580000, 0x000000078f380000, 0x00000007c0000000)
  eden space 96256K, 9% used [0x0000000782580000,0x0000000782eb4798,0x0000000788380000)
  from space 7680K, 99% used [0x0000000788380000,0x0000000788af8040,0x0000000788b00000)
  to   space 9216K, 0% used [0x000000078ea80000,0x000000078ea80000,0x000000078f380000)
 ParOldGen       total 126976K, used 518K [0x0000000707000000, 0x000000070ec00000, 0x0000000782580000)
  object space 126976K, 0% used [0x0000000707000000,0x0000000707081b08,0x000000070ec00000)
 Metaspace       used 18457K, capacity 21259K, committed 21296K, reserved 1064960K
  class space    used 3888K, capacity 4956K, committed 4992K, reserved 1048576K
Event: 4.622 GC heap after
Heap after GC invocations=6 (full 0):
 PSYoungGen      total 201728K, used 7552K [0x0000000782580000, 0x000000078f380000, 0x00000007c0000000)
  eden space 192512K, 0% used [0x0000000782580000,0x0000000782580000,0x000000078e180000)
  from space 9216K, 81% used [0x000000078ea80000,0x000000078f1e0080,0x000000078f380000)
  to   space 9216K, 0% used [0x000000078e180000,0x000000078e180000,0x000000078ea80000)
 ParOldGen       total 126976K, used 526K [0x0000000707000000, 0x000000070ec00000, 0x0000000782580000)
  object space 126976K, 0% used [0x0000000707000000,0x0000000707083b08,0x000000070ec00000)
 Metaspace       used 18457K, capacity 21259K, committed 21296K, reserved 1064960K
  class space    used 3888K, capacity 4956K, committed 4992K, reserved 1048576K
}
Event: 4.622 GC heap before
{Heap before GC invocations=7 (full 1):
 PSYoungGen      total 201728K, used 7552K [0x0000000782580000, 0x000000078f380000, 0x00000007c0000000)
  eden space 192512K, 0% used [0x0000000782580000,0x0000000782580000,0x000000078e180000)
  from space 9216K, 81% used [0x000000078ea80000,0x000000078f1e0080,0x000000078f380000)
  to   space 9216K, 0% used [0x000000078e180000,0x000000078e180000,0x000000078ea80000)
 ParOldGen       total 126976K, used 526K [0x0000000707000000, 0x000000070ec00000, 0x0000000782580000)
  object space 126976K, 0% used [0x0000000707000000,0x0000000707083b08,0x000000070ec00000)
 Metaspace       used 18457K, capacity 21259K, committed 21296K, reserved 1064960K
  class space    used 3888K, capacity 4956K, committed 4992K, reserved 1048576K
Event: 4.676 GC heap after
Heap after GC invocations=7 (full 1):
 PSYoungGen      total 201728K, used 0K [0x0000000782580000, 0x000000078f380000, 0x00000007c0000000)
  eden space 192512K, 0% used [0x0000000782580000,0x0000000782580000,0x000000078e180000)
  from space 9216K, 0% used [0x000000078ea80000,0x000000078ea80000,0x000000078f380000)
  to   space 9216K, 0% used [0x000000078e180000,0x000000078e180000,0x000000078ea80000)
 ParOldGen       total 63488K, used 7327K [0x0000000707000000, 0x000000070ae00000, 0x0000000782580000)
  object space 63488K, 11% used [0x0000000707000000,0x0000000707727cd0,0x000000070ae00000)
 Metaspace       used 18457K, capacity 21259K, committed 21296K, reserved 1064960K
  class space    used 3888K, capacity 4956K, committed 4992K, reserved 1048576K
}
Event: 10.777 GC heap before
{Heap before GC invocations=8 (full 1):
 PSYoungGen      total 201728K, used 192512K [0x0000000782580000, 0x000000078f380000, 0x00000007c0000000)
  eden space 192512K, 100% used [0x0000000782580000,0x000000078e180000,0x000000078e180000)
  from space 9216K, 0% used [0x000000078ea80000,0x000000078ea80000,0x000000078f380000)
  to   space 9216K, 0% used [0x000000078e180000,0x000000078e180000,0x000000078ea80000)
 ParOldGen       total 63488K, used 7327K [0x0000000707000000, 0x000000070ae00000, 0x0000000782580000)
  object space 63488K, 11% used [0x0000000707000000,0x0000000707727cd0,0x000000070ae00000)
 Metaspace       used 23903K, capacity 29985K, committed 30336K, reserved 1071104K
  class space    used 5651K, capacity 7938K, committed 8064K, reserved 1048576K

