# JRE version: OpenJDK Runtime Environment (8.0_171-b10) (build 1.8.0_171-b10)
# Java VM: OpenJDK 64-Bit Server VM (25.171-b10 mixed mode linux-amd64 compressed oops)
Heap:
 PSYoungGen      total 600576K, used 14848K [0x0000000782580000, 0x00000007ab400000, 0x00000007c0000000)
  eden space 585728K, 0% used [0x0000000782580000,0x0000000782580000,0x00000007a6180000)
  from space 14848K, 100% used [0x00000007a6180000,0x00000007a7000000,0x00000007a7000000)
  to   space 10240K, 0% used [0x00000007a7000000,0x00000007a7000000,0x00000007a7a00000)
 ParOldGen       total 65024K, used 44543K [0x0000000707000000, 0x000000070af80000, 0x0000000782580000)
  object space 65024K, 68% used [0x0000000707000000,0x0000000709b7fce0,0x000000070af80000)
 Metaspace       used 27412K, capacity 35219K, committed 35456K, reserved 1075200K
  class space    used 6676K, capacity 9508K, committed 9600K, reserved 1048576K
GC Heap History (10 events):
Event: 5.428 GC heap after
Heap after GC invocations=5 (full 0):
 PSYoungGen      total 200192K, used 7552K [0x0000000782580000, 0x000000079af80000, 0x00000007c0000000)
  eden space 192512K, 0% used [0x0000000782580000,0x0000000782580000,0x000000078e180000)
  from space 7680K, 98% used [0x000000078e180000,0x000000078e8e00a0,0x000000078e900000)
  to   space 9216K, 0% used [0x000000079a680000,0x000000079a680000,0x000000079af80000)
 ParOldGen       total 126976K, used 379K [0x0000000707000000, 0x000000070ec00000, 0x0000000782580000)
  object space 126976K, 0% used [0x0000000707000000,0x000000070705ed60,0x000000070ec00000)
 Metaspace       used 18451K, capacity 21259K, committed 21296K, reserved 1064960K
  class space    used 3887K, capacity 4956K, committed 4992K, reserved 1048576K
}
Event: 5.428 GC heap before
{Heap before GC invocations=6 (full 1):
 PSYoungGen      total 200192K, used 7552K [0x0000000782580000, 0x000000079af80000, 0x00000007c0000000)
  eden space 192512K, 0% used [0x0000000782580000,0x0000000782580000,0x000000078e180000)
  from space 7680K, 98% used [0x000000078e180000,0x000000078e8e00a0,0x000000078e900000)
  to   space 9216K, 0% used [0x000000079a680000,0x000000079a680000,0x000000079af80000)
 ParOldGen       total 126976K, used 379K [0x0000000707000000, 0x000000070ec00000, 0x0000000782580000)
  object space 126976K, 0% used [0x0000000707000000,0x000000070705ed60,0x000000070ec00000)
 Metaspace       used 18451K, capacity 21259K, committed 21296K, reserved 1064960K
  class space    used 3887K, capacity 4956K, committed 4992K, reserved 1048576K
Event: 5.476 GC heap after
Heap after GC invocations=6 (full 1):
 PSYoungGen      total 200192K, used 0K [0x0000000782580000, 0x000000079af80000, 0x00000007c0000000)
  eden space 192512K, 0% used [0x0000000782580000,0x0000000782580000,0x000000078e180000)
  from space 7680K, 0% used [0x000000078e180000,0x000000078e180000,0x000000078e900000)
  to   space 9216K, 0% used [0x000000079a680000,0x000000079a680000,0x000000079af80000)
 ParOldGen       total 65024K, used 7327K [0x0000000707000000, 0x000000070af80000, 0x0000000782580000)
  object space 65024K, 11% used [0x0000000707000000,0x0000000707727cd0,0x000000070af80000)
 Metaspace       used 18451K, capacity 21259K, committed 21296K, reserved 1064960K
  class space    used 3887K, capacity 4956K, committed 4992K, reserved 1048576K
}
Event: 7.018 GC heap before
{Heap before GC invocations=7 (full 1):
 PSYoungGen      total 200192K, used 192512K [0x0000000782580000, 0x000000079af80000, 0x00000007c0000000)
  eden space 192512K, 100% used [0x0000000782580000,0x000000078e180000,0x000000078e180000)
  from space 7680K, 0% used [0x000000078e180000,0x000000078e180000,0x000000078e900000)
  to   space 9216K, 0% used [0x000000079a680000,0x000000079a680000,0x000000079af80000)
 ParOldGen       total 65024K, used 7327K [0x0000000707000000, 0x000000070af80000, 0x0000000782580000)
  object space 65024K, 11% used [0x0000000707000000,0x0000000707727cd0,0x000000070af80000)
 Metaspace       used 23919K, capacity 30035K, committed 30336K, reserved 1071104K
  class space    used 5661K, capacity 7956K, committed 8064K, reserved 1048576K
Event: 7.025 GC heap after
Heap after GC invocations=7 (full 1):
 PSYoungGen      total 346112K, used 4567K [0x0000000782580000, 0x000000079ab00000, 0x00000007c0000000)
  eden space 341504K, 0% used [0x0000000782580000,0x0000000782580000,0x0000000797300000)
  from space 4608K, 99% used [0x000000079a680000,0x000000079aaf5dc0,0x000000079ab00000)
  to   space 9216K, 0% used [0x0000000799900000,0x0000000799900000,0x000000079a200000)
 ParOldGen       total 65024K, used 7335K [0x0000000707000000, 0x000000070af80000, 0x0000000782580000)
  object space 65024K, 11% used [0x0000000707000000,0x0000000707729cd0,0x000000070af80000)
 Metaspace       used 23919K, capacity 30035K, committed 30336K, reserved 1071104K
  class space    used 5661K, capacity 7956K, committed 8064K, reserved 1048576K
}
Event: 10.007 GC heap before
{Heap before GC invocations=8 (full 1):
 PSYoungGen      total 346112K, used 346071K [0x0000000782580000, 0x000000079ab00000, 0x00000007c0000000)
  eden space 341504K, 100% used [0x0000000782580000,0x0000000797300000,0x0000000797300000)
  from space 4608K, 99% used [0x000000079a680000,0x000000079aaf5dc0,0x000000079ab00000)
  to   space 9216K, 0% used [0x0000000799900000,0x0000000799900000,0x000000079a200000)
 ParOldGen       total 65024K, used 7335K [0x0000000707000000, 0x000000070af80000, 0x0000000782580000)
  object space 65024K, 11% used [0x0000000707000000,0x0000000707729cd0,0x000000070af80000)
 Metaspace       used 26995K, capacity 34407K, committed 34688K, reserved 1075200K
  class space    used 6654K, capacity 9476K, committed 9600K, reserved 1048576K
Event: 10.020 GC heap after
Heap after GC invocations=8 (full 1):
 PSYoungGen      total 389632K, used 8800K [0x0000000782580000, 0x00000007a7a00000, 0x00000007c0000000)
  eden space 380416K, 0% used [0x0000000782580000,0x0000000782580000,0x0000000799900000)
  from space 9216K, 95% used [0x0000000799900000,0x000000079a198000,0x000000079a200000)
  to   space 10240K, 0% used [0x00000007a7000000,0x00000007a7000000,0x00000007a7a00000)
 ParOldGen       total 65024K, used 7343K [0x0000000707000000, 0x000000070af80000, 0x0000000782580000)
  object space 65024K, 11% used [0x0000000707000000,0x000000070772bcd0,0x000000070af80000)
 Metaspace       used 26995K, capacity 34407K, committed 34688K, reserved 1075200K
  class space    used 6654K, capacity 9476K, committed 9600K, reserved 1048576K
}
Event: 12.890 GC heap before
{Heap before GC invocations=9 (full 1):
 PSYoungGen      total 389632K, used 389216K [0x0000000782580000, 0x00000007a7a00000, 0x00000007c0000000)
  eden space 380416K, 100% used [0x0000000782580000,0x0000000799900000,0x0000000799900000)
  from space 9216K, 95% used [0x0000000799900000,0x000000079a198000,0x000000079a200000)
  to   space 10240K, 0% used [0x00000007a7000000,0x00000007a7000000,0x00000007a7a00000)
 ParOldGen       total 65024K, used 7343K [0x0000000707000000, 0x000000070af80000, 0x0000000782580000)
  object space 65024K, 11% used [0x0000000707000000,0x000000070772bcd0,0x000000070af80000)
 Metaspace       used 27011K, capacity 34419K, committed 34688K, reserved 1075200K
  class space    used 6654K, capacity 9476K, committed 9600K, reserved 1048576K
Event: 12.906 GC heap after
Heap after GC invocations=9 (full 1):
 PSYoungGen      total 595968K, used 10240K [0x0000000782580000, 0x00000007ab400000, 0x00000007c0000000)
  eden space 585728K, 0% used [0x0000000782580000,0x0000000782580000,0x00000007a6180000)
  from space 10240K, 100% used [0x00000007a7000000,0x00000007a7a00000,0x00000007a7a00000)
  to   space 14848K, 0% used [0x00000007a6180000,0x00000007a6180000,0x00000007a7000000)
 ParOldGen       total 65024K, used 15735K [0x0000000707000000, 0x000000070af80000, 0x0000000782580000)
  object space 65024K, 24% used [0x0000000707000000,0x0000000707f5dcd0,0x000000070af80000)
 Metaspace       used 27011K, capacity 34419K, committed 34688K, reserved 1075200K
  class space    used 6654K, capacity 9476K, committed 9600K, reserved 1048576K
}
Event: 29.117 GC heap before
{Heap before GC invocations=10 (full 1):
 PSYoungGen      total 595968K, used 595968K [0x0000000782580000, 0x00000007ab400000, 0x00000007c0000000)
  eden space 585728K, 100% used [0x0000000782580000,0x00000007a6180000,0x00000007a6180000)
  from space 10240K, 100% used [0x00000007a7000000,0x00000007a7a00000,0x00000007a7a00000)
  to   space 14848K, 0% used [0x00000007a6180000,0x00000007a6180000,0x00000007a7000000)
 ParOldGen       total 65024K, used 15735K [0x0000000707000000, 0x000000070af80000, 0x0000000782580000)
  object space 65024K, 24% used [0x0000000707000000,0x0000000707f5dcd0,0x000000070af80000)
 Metaspace       used 27412K, capacity 35219K, committed 35456K, reserved 1075200K
  class space    used 6676K, capacity 9508K, committed 9600K, reserved 1048576K

