# JRE version: OpenJDK Runtime Environment (8.0_171-b10) (build 1.8.0_171-b10)
# Java VM: OpenJDK 64-Bit Server VM (25.171-b10 mixed mode linux-amd64 compressed oops)
Heap:
 PSYoungGen      total 606208K, used 14848K [0x0000000782580000, 0x00000007ab780000, 0x00000007c0000000)
  eden space 591360K, 0% used [0x0000000782580000,0x0000000782580000,0x00000007a6700000)
  from space 14848K, 100% used [0x00000007a6700000,0x00000007a7580000,0x00000007a7580000)
  to   space 10240K, 0% used [0x00000007a7580000,0x00000007a7580000,0x00000007a7f80000)
 ParOldGen       total 65024K, used 43797K [0x0000000707000000, 0x000000070af80000, 0x0000000782580000)
  object space 65024K, 67% used [0x0000000707000000,0x0000000709ac57c0,0x000000070af80000)
 Metaspace       used 27547K, capacity 35349K, committed 35456K, reserved 1075200K
  class space    used 6699K, capacity 9528K, committed 9600K, reserved 1048576K
GC Heap History (10 events):
Event: 4.597 GC heap after
Heap after GC invocations=5 (full 0):
 PSYoungGen      total 200192K, used 7616K [0x0000000782580000, 0x000000079af80000, 0x00000007c0000000)
  eden space 192512K, 0% used [0x0000000782580000,0x0000000782580000,0x000000078e180000)
  from space 7680K, 99% used [0x000000078e180000,0x000000078e8f0080,0x000000078e900000)
  to   space 9216K, 0% used [0x000000079a680000,0x000000079a680000,0x000000079af80000)
 ParOldGen       total 126976K, used 341K [0x0000000707000000, 0x000000070ec00000, 0x0000000782580000)
  object space 126976K, 0% used [0x0000000707000000,0x0000000707055498,0x000000070ec00000)
 Metaspace       used 18450K, capacity 21259K, committed 21296K, reserved 1064960K
  class space    used 3887K, capacity 4956K, committed 4992K, reserved 1048576K
}
Event: 4.597 GC heap before
{Heap before GC invocations=6 (full 1):
 PSYoungGen      total 200192K, used 7616K [0x0000000782580000, 0x000000079af80000, 0x00000007c0000000)
  eden space 192512K, 0% used [0x0000000782580000,0x0000000782580000,0x000000078e180000)
  from space 7680K, 99% used [0x000000078e180000,0x000000078e8f0080,0x000000078e900000)
  to   space 9216K, 0% used [0x000000079a680000,0x000000079a680000,0x000000079af80000)
 ParOldGen       total 126976K, used 341K [0x0000000707000000, 0x000000070ec00000, 0x0000000782580000)
  object space 126976K, 0% used [0x0000000707000000,0x0000000707055498,0x000000070ec00000)
 Metaspace       used 18450K, capacity 21259K, committed 21296K, reserved 1064960K
  class space    used 3887K, capacity 4956K, committed 4992K, reserved 1048576K
Event: 4.637 GC heap after
Heap after GC invocations=6 (full 1):
 PSYoungGen      total 200192K, used 0K [0x0000000782580000, 0x000000079af80000, 0x00000007c0000000)
  eden space 192512K, 0% used [0x0000000782580000,0x0000000782580000,0x000000078e180000)
  from space 7680K, 0% used [0x000000078e180000,0x000000078e180000,0x000000078e900000)
  to   space 9216K, 0% used [0x000000079a680000,0x000000079a680000,0x000000079af80000)
 ParOldGen       total 65024K, used 7327K [0x0000000707000000, 0x000000070af80000, 0x0000000782580000)
  object space 65024K, 11% used [0x0000000707000000,0x0000000707727d88,0x000000070af80000)
 Metaspace       used 18450K, capacity 21259K, committed 21296K, reserved 1064960K
  class space    used 3887K, capacity 4956K, committed 4992K, reserved 1048576K
}
Event: 5.998 GC heap before
{Heap before GC invocations=7 (full 1):
 PSYoungGen      total 200192K, used 192512K [0x0000000782580000, 0x000000079af80000, 0x00000007c0000000)
  eden space 192512K, 100% used [0x0000000782580000,0x000000078e180000,0x000000078e180000)
  from space 7680K, 0% used [0x000000078e180000,0x000000078e180000,0x000000078e900000)
  to   space 9216K, 0% used [0x000000079a680000,0x000000079a680000,0x000000079af80000)
 ParOldGen       total 65024K, used 7327K [0x0000000707000000, 0x000000070af80000, 0x0000000782580000)
  object space 65024K, 11% used [0x0000000707000000,0x0000000707727d88,0x000000070af80000)
 Metaspace       used 23915K, capacity 30013K, committed 30336K, reserved 1071104K
  class space    used 5660K, capacity 7950K, committed 8064K, reserved 1048576K
Event: 6.006 GC heap after
Heap after GC invocations=7 (full 1):
 PSYoungGen      total 347648K, used 4526K [0x0000000782580000, 0x000000079ab00000, 0x00000007c0000000)
  eden space 343040K, 0% used [0x0000000782580000,0x0000000782580000,0x0000000797480000)
  from space 4608K, 98% used [0x000000079a680000,0x000000079aaeba88,0x000000079ab00000)
  to   space 9216K, 0% used [0x0000000799900000,0x0000000799900000,0x000000079a200000)
 ParOldGen       total 65024K, used 7335K [0x0000000707000000, 0x000000070af80000, 0x0000000782580000)
  object space 65024K, 11% used [0x0000000707000000,0x0000000707729d88,0x000000070af80000)
 Metaspace       used 23915K, capacity 30013K, committed 30336K, reserved 1071104K
  class space    used 5660K, capacity 7950K, committed 8064K, reserved 1048576K
}
Event: 8.579 GC heap before
{Heap before GC invocations=8 (full 1):
 PSYoungGen      total 347648K, used 347566K [0x0000000782580000, 0x000000079ab00000, 0x00000007c0000000)
  eden space 343040K, 100% used [0x0000000782580000,0x0000000797480000,0x0000000797480000)
  from space 4608K, 98% used [0x000000079a680000,0x000000079aaeba88,0x000000079ab00000)
  to   space 9216K, 0% used [0x0000000799900000,0x0000000799900000,0x000000079a200000)
 ParOldGen       total 65024K, used 7335K [0x0000000707000000, 0x000000070af80000, 0x0000000782580000)
  object space 65024K, 11% used [0x0000000707000000,0x0000000707729d88,0x000000070af80000)
 Metaspace       used 27037K, capacity 34449K, committed 34688K, reserved 1075200K
  class space    used 6667K, capacity 9490K, committed 9600K, reserved 1048576K
Event: 8.592 GC heap after
Heap after GC invocations=8 (full 1):
 PSYoungGen      total 389632K, used 8816K [0x0000000782580000, 0x00000007a7f80000, 0x00000007c0000000)
  eden space 380416K, 0% used [0x0000000782580000,0x0000000782580000,0x0000000799900000)
  from space 9216K, 95% used [0x0000000799900000,0x000000079a19c010,0x000000079a200000)
  to   space 10240K, 0% used [0x00000007a7580000,0x00000007a7580000,0x00000007a7f80000)
 ParOldGen       total 65024K, used 7343K [0x0000000707000000, 0x000000070af80000, 0x0000000782580000)
  object space 65024K, 11% used [0x0000000707000000,0x000000070772bd88,0x000000070af80000)
 Metaspace       used 27037K, capacity 34449K, committed 34688K, reserved 1075200K
  class space    used 6667K, capacity 9490K, committed 9600K, reserved 1048576K
}
Event: 11.418 GC heap before
{Heap before GC invocations=9 (full 1):
 PSYoungGen      total 389632K, used 389232K [0x0000000782580000, 0x00000007a7f80000, 0x00000007c0000000)
  eden space 380416K, 100% used [0x0000000782580000,0x0000000799900000,0x0000000799900000)
  from space 9216K, 95% used [0x0000000799900000,0x000000079a19c010,0x000000079a200000)
  to   space 10240K, 0% used [0x00000007a7580000,0x00000007a7580000,0x00000007a7f80000)
 ParOldGen       total 65024K, used 7343K [0x0000000707000000, 0x000000070af80000, 0x0000000782580000)
  object space 65024K, 11% used [0x0000000707000000,0x000000070772bd88,0x000000070af80000)
 Metaspace       used 27054K, capacity 34461K, committed 34688K, reserved 1075200K
  class space    used 6667K, capacity 9490K, committed 9600K, reserved 1048576K
Event: 11.433 GC heap after
Heap after GC invocations=9 (full 1):
 PSYoungGen      total 601600K, used 10224K [0x0000000782580000, 0x00000007ab780000, 0x00000007c0000000)
  eden space 591360K, 0% used [0x0000000782580000,0x0000000782580000,0x00000007a6700000)
  from space 10240K, 99% used [0x00000007a7580000,0x00000007a7f7c010,0x00000007a7f80000)
  to   space 14848K, 0% used [0x00000007a6700000,0x00000007a6700000,0x00000007a7580000)
 ParOldGen       total 65024K, used 15679K [0x0000000707000000, 0x000000070af80000, 0x0000000782580000)
  object space 65024K, 24% used [0x0000000707000000,0x0000000707f4fd88,0x000000070af80000)
 Metaspace       used 27054K, capacity 34461K, committed 34688K, reserved 1075200K
  class space    used 6667K, capacity 9490K, committed 9600K, reserved 1048576K
}
Event: 12.462 GC heap before
{Heap before GC invocations=10 (full 1):
 PSYoungGen      total 601600K, used 580417K [0x0000000782580000, 0x00000007ab780000, 0x00000007c0000000)
  eden space 591360K, 96% used [0x0000000782580000,0x00000007a52545f8,0x00000007a6700000)
  from space 10240K, 99% used [0x00000007a7580000,0x00000007a7f7c010,0x00000007a7f80000)
  to   space 14848K, 0% used [0x00000007a6700000,0x00000007a6700000,0x00000007a7580000)
 ParOldGen       total 65024K, used 15679K [0x0000000707000000, 0x000000070af80000, 0x0000000782580000)
  object space 65024K, 24% used [0x0000000707000000,0x0000000707f4fd88,0x000000070af80000)
 Metaspace       used 27547K, capacity 35349K, committed 35456K, reserved 1075200K
  class space    used 6699K, capacity 9528K, committed 9600K, reserved 1048576K

