# JRE version: OpenJDK Runtime Environment (8.0_171-b10) (build 1.8.0_171-b10)
# Java VM: OpenJDK 64-Bit Server VM (25.171-b10 mixed mode linux-amd64 compressed oops)
Heap:
 PSYoungGen      total 361984K, used 9216K [0x0000000782580000, 0x0000000799200000, 0x00000007c0000000)
  eden space 352768K, 0% used [0x0000000782580000,0x0000000782580000,0x0000000797e00000)
  from space 9216K, 100% used [0x0000000798000000,0x0000000798900000,0x0000000798900000)
  to   space 5632K, 0% used [0x0000000798c80000,0x0000000798c80000,0x0000000799200000)
 ParOldGen       total 61952K, used 12135K [0x0000000707000000, 0x000000070ac80000, 0x0000000782580000)
  object space 61952K, 19% used [0x0000000707000000,0x0000000707bd9d88,0x000000070ac80000)
 Metaspace       used 27050K, capacity 34459K, committed 34688K, reserved 1075200K
  class space    used 6665K, capacity 9488K, committed 9600K, reserved 1048576K
GC Heap History (10 events):
Event: 6.151 GC heap after
Heap after GC invocations=5 (full 0):
 PSYoungGen      total 103936K, used 7584K [0x0000000782580000, 0x000000078f380000, 0x00000007c0000000)
  eden space 96256K, 0% used [0x0000000782580000,0x0000000782580000,0x0000000788380000)
  from space 7680K, 98% used [0x0000000788380000,0x0000000788ae8060,0x0000000788b00000)
  to   space 9216K, 0% used [0x000000078ea80000,0x000000078ea80000,0x000000078f380000)
 ParOldGen       total 126976K, used 437K [0x0000000707000000, 0x000000070ec00000, 0x0000000782580000)
  object space 126976K, 0% used [0x0000000707000000,0x000000070706d7b0,0x000000070ec00000)
 Metaspace       used 18284K, capacity 21055K, committed 21296K, reserved 1064960K
  class space    used 3842K, capacity 4904K, committed 4992K, reserved 1048576K
}
Event: 6.199 GC heap before
{Heap before GC invocations=6 (full 0):
 PSYoungGen      total 103936K, used 16995K [0x0000000782580000, 0x000000078f380000, 0x00000007c0000000)
  eden space 96256K, 9% used [0x0000000782580000,0x0000000782eb0d68,0x0000000788380000)
  from space 7680K, 98% used [0x0000000788380000,0x0000000788ae8060,0x0000000788b00000)
  to   space 9216K, 0% used [0x000000078ea80000,0x000000078ea80000,0x000000078f380000)
 ParOldGen       total 126976K, used 437K [0x0000000707000000, 0x000000070ec00000, 0x0000000782580000)
  object space 126976K, 0% used [0x0000000707000000,0x000000070706d7b0,0x000000070ec00000)
 Metaspace       used 18450K, capacity 21259K, committed 21296K, reserved 1064960K
  class space    used 3887K, capacity 4956K, committed 4992K, reserved 1048576K
Event: 6.215 GC heap after
Heap after GC invocations=6 (full 0):
 PSYoungGen      total 201728K, used 7568K [0x0000000782580000, 0x000000078f380000, 0x00000007c0000000)
  eden space 192512K, 0% used [0x0000000782580000,0x0000000782580000,0x000000078e180000)
  from space 9216K, 82% used [0x000000078ea80000,0x000000078f1e4050,0x000000078f380000)
  to   space 9216K, 0% used [0x000000078e180000,0x000000078e180000,0x000000078ea80000)
 ParOldGen       total 126976K, used 445K [0x0000000707000000, 0x000000070ec00000, 0x0000000782580000)
  object space 126976K, 0% used [0x0000000707000000,0x000000070706f7b0,0x000000070ec00000)
 Metaspace       used 18450K, capacity 21259K, committed 21296K, reserved 1064960K
  class space    used 3887K, capacity 4956K, committed 4992K, reserved 1048576K
}
Event: 6.215 GC heap before
{Heap before GC invocations=7 (full 1):
 PSYoungGen      total 201728K, used 7568K [0x0000000782580000, 0x000000078f380000, 0x00000007c0000000)
  eden space 192512K, 0% used [0x0000000782580000,0x0000000782580000,0x000000078e180000)
  from space 9216K, 82% used [0x000000078ea80000,0x000000078f1e4050,0x000000078f380000)
  to   space 9216K, 0% used [0x000000078e180000,0x000000078e180000,0x000000078ea80000)
 ParOldGen       total 126976K, used 445K [0x0000000707000000, 0x000000070ec00000, 0x0000000782580000)
  object space 126976K, 0% used [0x0000000707000000,0x000000070706f7b0,0x000000070ec00000)
 Metaspace       used 18450K, capacity 21259K, committed 21296K, reserved 1064960K
  class space    used 3887K, capacity 4956K, committed 4992K, reserved 1048576K
Event: 6.266 GC heap after
Heap after GC invocations=7 (full 1):
 PSYoungGen      total 201728K, used 0K [0x0000000782580000, 0x000000078f380000, 0x00000007c0000000)
  eden space 192512K, 0% used [0x0000000782580000,0x0000000782580000,0x000000078e180000)
  from space 9216K, 0% used [0x000000078ea80000,0x000000078ea80000,0x000000078f380000)
  to   space 9216K, 0% used [0x000000078e180000,0x000000078e180000,0x000000078ea80000)
 ParOldGen       total 61952K, used 7327K [0x0000000707000000, 0x000000070ac80000, 0x0000000782580000)
  object space 61952K, 11% used [0x0000000707000000,0x0000000707727d88,0x000000070ac80000)
 Metaspace       used 18450K, capacity 21259K, committed 21296K, reserved 1064960K
  class space    used 3887K, capacity 4956K, committed 4992K, reserved 1048576K
}
Event: 8.212 GC heap before
{Heap before GC invocations=8 (full 1):
 PSYoungGen      total 201728K, used 192512K [0x0000000782580000, 0x000000078f380000, 0x00000007c0000000)
  eden space 192512K, 100% used [0x0000000782580000,0x000000078e180000,0x000000078e180000)
  from space 9216K, 0% used [0x000000078ea80000,0x000000078ea80000,0x000000078f380000)
  to   space 9216K, 0% used [0x000000078e180000,0x000000078e180000,0x000000078ea80000)
 ParOldGen       total 61952K, used 7327K [0x0000000707000000, 0x000000070ac80000, 0x0000000782580000)
  object space 61952K, 11% used [0x0000000707000000,0x0000000707727d88,0x000000070ac80000)
 Metaspace       used 23913K, capacity 30011K, committed 30336K, reserved 1071104K
  class space    used 5658K, capacity 7948K, committed 8064K, reserved 1048576K
Event: 8.222 GC heap after
Heap after GC invocations=8 (full 1):
 PSYoungGen      total 201728K, used 4540K [0x0000000782580000, 0x0000000799580000, 0x00000007c0000000)
  eden space 192512K, 0% used [0x0000000782580000,0x0000000782580000,0x000000078e180000)
  from space 9216K, 49% used [0x000000078e180000,0x000000078e5ef168,0x000000078ea80000)
  to   space 9216K, 0% used [0x0000000798c80000,0x0000000798c80000,0x0000000799580000)
 ParOldGen       total 61952K, used 7335K [0x0000000707000000, 0x000000070ac80000, 0x0000000782580000)
  object space 61952K, 11% used [0x0000000707000000,0x0000000707729d88,0x000000070ac80000)
 Metaspace       used 23913K, capacity 30011K, committed 30336K, reserved 1071104K
  class space    used 5658K, capacity 7948K, committed 8064K, reserved 1048576K
}
Event: 9.712 GC heap before
{Heap before GC invocations=9 (full 1):
 PSYoungGen      total 201728K, used 197052K [0x0000000782580000, 0x0000000799580000, 0x00000007c0000000)
  eden space 192512K, 100% used [0x0000000782580000,0x000000078e180000,0x000000078e180000)
  from space 9216K, 49% used [0x000000078e180000,0x000000078e5ef168,0x000000078ea80000)
  to   space 9216K, 0% used [0x0000000798c80000,0x0000000798c80000,0x0000000799580000)
 ParOldGen       total 61952K, used 7335K [0x0000000707000000, 0x000000070ac80000, 0x0000000782580000)
  object space 61952K, 11% used [0x0000000707000000,0x0000000707729d88,0x000000070ac80000)
 Metaspace       used 26833K, capacity 34235K, committed 34432K, reserved 1075200K
  class space    used 6650K, capacity 9488K, committed 9600K, reserved 1048576K
Event: 9.725 GC heap after
Heap after GC invocations=9 (full 1):
 PSYoungGen      total 358400K, used 5568K [0x0000000782580000, 0x0000000799200000, 0x00000007c0000000)
  eden space 352768K, 0% used [0x0000000782580000,0x0000000782580000,0x0000000797e00000)
  from space 5632K, 98% used [0x0000000798c80000,0x00000007991f0000,0x0000000799200000)
  to   space 9216K, 0% used [0x0000000798000000,0x0000000798000000,0x0000000798900000)
 ParOldGen       total 61952K, used 7343K [0x0000000707000000, 0x000000070ac80000, 0x0000000782580000)
  object space 61952K, 11% used [0x0000000707000000,0x000000070772bd88,0x000000070ac80000)
 Metaspace       used 26833K, capacity 34235K, committed 34432K, reserved 1075200K
  class space    used 6650K, capacity 9488K, committed 9600K, reserved 1048576K
}
Event: 13.294 GC heap before
{Heap before GC invocations=10 (full 1):
 PSYoungGen      total 358400K, used 358336K [0x0000000782580000, 0x0000000799200000, 0x00000007c0000000)
  eden space 352768K, 100% used [0x0000000782580000,0x0000000797e00000,0x0000000797e00000)
  from space 5632K, 98% used [0x0000000798c80000,0x00000007991f0000,0x0000000799200000)
  to   space 9216K, 0% used [0x0000000798000000,0x0000000798000000,0x0000000798900000)
 ParOldGen       total 61952K, used 7343K [0x0000000707000000, 0x000000070ac80000, 0x0000000782580000)
  object space 61952K, 11% used [0x0000000707000000,0x000000070772bd88,0x000000070ac80000)
 Metaspace       used 27050K, capacity 34459K, committed 34688K, reserved 1075200K
  class space    used 6665K, capacity 9488K, committed 9600K, reserved 1048576K

