# JRE version: OpenJDK Runtime Environment (8.0_171-b10) (build 1.8.0_171-b10)
# Java VM: OpenJDK 64-Bit Server VM (25.171-b10 mixed mode linux-amd64 compressed oops)
Heap:
 PSYoungGen      total 560640K, used 14336K [0x0000000782580000, 0x00000007a9e80000, 0x00000007c0000000)
  eden space 546304K, 0% used [0x0000000782580000,0x0000000782580000,0x00000007a3b00000)
  from space 14336K, 100% used [0x00000007a3b00000,0x00000007a4900000,0x00000007a4900000)
  to   space 9728K, 0% used [0x00000007a4900000,0x00000007a4900000,0x00000007a5280000)
 ParOldGen       total 68096K, used 42286K [0x0000000707000000, 0x000000070b280000, 0x0000000782580000)
  object space 68096K, 62% used [0x0000000707000000,0x000000070994ba20,0x000000070b280000)
 Metaspace       used 27317K, capacity 34831K, committed 34944K, reserved 1075200K
  class space    used 6681K, capacity 9520K, committed 9600K, reserved 1048576K
GC Heap History (10 events):
Event: 7.699 GC heap after
Heap after GC invocations=5 (full 0):
 PSYoungGen      total 200192K, used 7552K [0x0000000782580000, 0x000000079af80000, 0x00000007c0000000)
  eden space 192512K, 0% used [0x0000000782580000,0x0000000782580000,0x000000078e180000)
  from space 7680K, 98% used [0x000000078e180000,0x000000078e8e0080,0x000000078e900000)
  to   space 9216K, 0% used [0x000000079a680000,0x000000079a680000,0x000000079af80000)
 ParOldGen       total 126976K, used 294K [0x0000000707000000, 0x000000070ec00000, 0x0000000782580000)
  object space 126976K, 0% used [0x0000000707000000,0x0000000707049b40,0x000000070ec00000)
 Metaspace       used 18440K, capacity 21259K, committed 21296K, reserved 1064960K
  class space    used 3887K, capacity 4956K, committed 4992K, reserved 1048576K
}
Event: 7.699 GC heap before
{Heap before GC invocations=6 (full 1):
 PSYoungGen      total 200192K, used 7552K [0x0000000782580000, 0x000000079af80000, 0x00000007c0000000)
  eden space 192512K, 0% used [0x0000000782580000,0x0000000782580000,0x000000078e180000)
  from space 7680K, 98% used [0x000000078e180000,0x000000078e8e0080,0x000000078e900000)
  to   space 9216K, 0% used [0x000000079a680000,0x000000079a680000,0x000000079af80000)
 ParOldGen       total 126976K, used 294K [0x0000000707000000, 0x000000070ec00000, 0x0000000782580000)
  object space 126976K, 0% used [0x0000000707000000,0x0000000707049b40,0x000000070ec00000)
 Metaspace       used 18440K, capacity 21259K, committed 21296K, reserved 1064960K
  class space    used 3887K, capacity 4956K, committed 4992K, reserved 1048576K
Event: 7.794 GC heap after
Heap after GC invocations=6 (full 1):
 PSYoungGen      total 200192K, used 0K [0x0000000782580000, 0x000000079af80000, 0x00000007c0000000)
  eden space 192512K, 0% used [0x0000000782580000,0x0000000782580000,0x000000078e180000)
  from space 7680K, 0% used [0x000000078e180000,0x000000078e180000,0x000000078e900000)
  to   space 9216K, 0% used [0x000000079a680000,0x000000079a680000,0x000000079af80000)
 ParOldGen       total 68096K, used 7326K [0x0000000707000000, 0x000000070b280000, 0x0000000782580000)
  object space 68096K, 10% used [0x0000000707000000,0x0000000707727a10,0x000000070b280000)
 Metaspace       used 18440K, capacity 21259K, committed 21296K, reserved 1064960K
  class space    used 3887K, capacity 4956K, committed 4992K, reserved 1048576K
}
Event: 10.538 GC heap before
{Heap before GC invocations=7 (full 1):
 PSYoungGen      total 200192K, used 192512K [0x0000000782580000, 0x000000079af80000, 0x00000007c0000000)
  eden space 192512K, 100% used [0x0000000782580000,0x000000078e180000,0x000000078e180000)
  from space 7680K, 0% used [0x000000078e180000,0x000000078e180000,0x000000078e900000)
  to   space 9216K, 0% used [0x000000079a680000,0x000000079a680000,0x000000079af80000)
 ParOldGen       total 68096K, used 7326K [0x0000000707000000, 0x000000070b280000, 0x0000000782580000)
  object space 68096K, 10% used [0x0000000707000000,0x0000000707727a10,0x000000070b280000)
 Metaspace       used 23882K, capacity 29951K, committed 30208K, reserved 1071104K
  class space    used 5645K, capacity 7928K, committed 7936K, reserved 1048576K
Event: 10.573 GC heap after
Heap after GC invocations=7 (full 1):
 PSYoungGen      total 334848K, used 4477K [0x0000000782580000, 0x000000079ab00000, 0x00000007c0000000)
  eden space 330240K, 0% used [0x0000000782580000,0x0000000782580000,0x0000000796800000)
  from space 4608K, 97% used [0x000000079a680000,0x000000079aadf608,0x000000079ab00000)
  to   space 9216K, 0% used [0x0000000799900000,0x0000000799900000,0x000000079a200000)
 ParOldGen       total 68096K, used 7334K [0x0000000707000000, 0x000000070b280000, 0x0000000782580000)
  object space 68096K, 10% used [0x0000000707000000,0x0000000707729a10,0x000000070b280000)
 Metaspace       used 23882K, capacity 29951K, committed 30208K, reserved 1071104K
  class space    used 5645K, capacity 7928K, committed 7936K, reserved 1048576K
}
Event: 15.365 GC heap before
{Heap before GC invocations=8 (full 1):
 PSYoungGen      total 334848K, used 334717K [0x0000000782580000, 0x000000079ab00000, 0x00000007c0000000)
  eden space 330240K, 100% used [0x0000000782580000,0x0000000796800000,0x0000000796800000)
  from space 4608K, 97% used [0x000000079a680000,0x000000079aadf608,0x000000079ab00000)
  to   space 9216K, 0% used [0x0000000799900000,0x0000000799900000,0x000000079a200000)
 ParOldGen       total 68096K, used 7334K [0x0000000707000000, 0x000000070b280000, 0x0000000782580000)
  object space 68096K, 10% used [0x0000000707000000,0x0000000707729a10,0x000000070b280000)
 Metaspace       used 27042K, capacity 34447K, committed 34688K, reserved 1075200K
  class space    used 6665K, capacity 9488K, committed 9600K, reserved 1048576K
Event: 15.393 GC heap after
Heap after GC invocations=8 (full 1):
 PSYoungGen      total 389632K, used 8304K [0x0000000782580000, 0x00000007a5280000, 0x00000007c0000000)
  eden space 380416K, 0% used [0x0000000782580000,0x0000000782580000,0x0000000799900000)
  from space 9216K, 90% used [0x0000000799900000,0x000000079a11c010,0x000000079a200000)
  to   space 9728K, 0% used [0x00000007a4900000,0x00000007a4900000,0x00000007a5280000)
 ParOldGen       total 68096K, used 7342K [0x0000000707000000, 0x000000070b280000, 0x0000000782580000)
  object space 68096K, 10% used [0x0000000707000000,0x000000070772ba10,0x000000070b280000)
 Metaspace       used 27042K, capacity 34447K, committed 34688K, reserved 1075200K
  class space    used 6665K, capacity 9488K, committed 9600K, reserved 1048576K
}
Event: 20.896 GC heap before
{Heap before GC invocations=9 (full 1):
 PSYoungGen      total 389632K, used 388720K [0x0000000782580000, 0x00000007a5280000, 0x00000007c0000000)
  eden space 380416K, 100% used [0x0000000782580000,0x0000000799900000,0x0000000799900000)
  from space 9216K, 90% used [0x0000000799900000,0x000000079a11c010,0x000000079a200000)
  to   space 9728K, 0% used [0x00000007a4900000,0x00000007a4900000,0x00000007a5280000)
 ParOldGen       total 68096K, used 7342K [0x0000000707000000, 0x000000070b280000, 0x0000000782580000)
  object space 68096K, 10% used [0x0000000707000000,0x000000070772ba10,0x000000070b280000)
 Metaspace       used 27059K, capacity 34459K, committed 34688K, reserved 1075200K
  class space    used 6665K, capacity 9488K, committed 9600K, reserved 1048576K
Event: 20.948 GC heap after
Heap after GC invocations=9 (full 1):
 PSYoungGen      total 556032K, used 9712K [0x0000000782580000, 0x00000007a9e80000, 0x00000007c0000000)
  eden space 546304K, 0% used [0x0000000782580000,0x0000000782580000,0x00000007a3b00000)
  from space 9728K, 99% used [0x00000007a4900000,0x00000007a527c010,0x00000007a5280000)
  to   space 14336K, 0% used [0x00000007a3b00000,0x00000007a3b00000,0x00000007a4900000)
 ParOldGen       total 68096K, used 15798K [0x0000000707000000, 0x000000070b280000, 0x0000000782580000)
  object space 68096K, 23% used [0x0000000707000000,0x0000000707f6da10,0x000000070b280000)
 Metaspace       used 27059K, capacity 34459K, committed 34688K, reserved 1075200K
  class space    used 6665K, capacity 9488K, committed 9600K, reserved 1048576K
}
Event: 24.471 GC heap before
{Heap before GC invocations=10 (full 1):
 PSYoungGen      total 556032K, used 556016K [0x0000000782580000, 0x00000007a9e80000, 0x00000007c0000000)
  eden space 546304K, 100% used [0x0000000782580000,0x00000007a3b00000,0x00000007a3b00000)
  from space 9728K, 99% used [0x00000007a4900000,0x00000007a527c010,0x00000007a5280000)
  to   space 14336K, 0% used [0x00000007a3b00000,0x00000007a3b00000,0x00000007a4900000)
 ParOldGen       total 68096K, used 15798K [0x0000000707000000, 0x000000070b280000, 0x0000000782580000)
  object space 68096K, 23% used [0x0000000707000000,0x0000000707f6da10,0x000000070b280000)
 Metaspace       used 27317K, capacity 34831K, committed 34944K, reserved 1075200K
  class space    used 6681K, capacity 9520K, committed 9600K, reserved 1048576K

