# JRE version: OpenJDK Runtime Environment (8.0_171-b10) (build 1.8.0_171-b10)
# Java VM: OpenJDK 64-Bit Server VM (25.171-b10 mixed mode linux-amd64 compressed oops)
Heap:
 PSYoungGen      total 778240K, used 640K [0x0000000782580000, 0x00000007b3e00000, 0x00000007c0000000)
  eden space 752128K, 0% used [0x0000000782580000,0x0000000782580000,0x00000007b0400000)
  from space 26112K, 2% used [0x00000007b0400000,0x00000007b04a0000,0x00000007b1d80000)
  to   space 27648K, 0% used [0x00000007b1d80000,0x00000007b1d80000,0x00000007b3880000)
 ParOldGen       total 170496K, used 57869K [0x0000000707000000, 0x0000000711680000, 0x0000000782580000)
  object space 170496K, 33% used [0x0000000707000000,0x000000070a883760,0x0000000711680000)
 Metaspace       used 27736K, capacity 35693K, committed 35968K, reserved 1075200K
  class space    used 6685K, capacity 9511K, committed 9600K, reserved 1048576K
GC Heap History (10 events):
Event: 9.421 GC heap after
Heap after GC invocations=8 (full 1):
 PSYoungGen      total 390144K, used 8480K [0x0000000782580000, 0x00000007a4e00000, 0x00000007c0000000)
  eden space 380928K, 0% used [0x0000000782580000,0x0000000782580000,0x0000000799980000)
  from space 9216K, 92% used [0x0000000799980000,0x000000079a1c8000,0x000000079a280000)
  to   space 9728K, 0% used [0x00000007a4480000,0x00000007a4480000,0x00000007a4e00000)
 ParOldGen       total 67584K, used 7343K [0x0000000707000000, 0x000000070b200000, 0x0000000782580000)
  object space 67584K, 10% used [0x0000000707000000,0x000000070772bcd0,0x000000070b200000)
 Metaspace       used 26992K, capacity 34407K, committed 34688K, reserved 1075200K
  class space    used 6654K, capacity 9476K, committed 9600K, reserved 1048576K
}
Event: 12.371 GC heap before
{Heap before GC invocations=9 (full 1):
 PSYoungGen      total 390144K, used 389408K [0x0000000782580000, 0x00000007a4e00000, 0x00000007c0000000)
  eden space 380928K, 100% used [0x0000000782580000,0x0000000799980000,0x0000000799980000)
  from space 9216K, 92% used [0x0000000799980000,0x000000079a1c8000,0x000000079a280000)
  to   space 9728K, 0% used [0x00000007a4480000,0x00000007a4480000,0x00000007a4e00000)
 ParOldGen       total 67584K, used 7343K [0x0000000707000000, 0x000000070b200000, 0x0000000782580000)
  object space 67584K, 10% used [0x0000000707000000,0x000000070772bcd0,0x000000070b200000)
 Metaspace       used 27010K, capacity 34419K, committed 34688K, reserved 1075200K
  class space    used 6654K, capacity 9476K, committed 9600K, reserved 1048576K
Event: 12.399 GC heap after
Heap after GC invocations=9 (full 1):
 PSYoungGen      total 551424K, used 9728K [0x0000000782580000, 0x00000007a9b80000, 0x00000007c0000000)
  eden space 541696K, 0% used [0x0000000782580000,0x0000000782580000,0x00000007a3680000)
  from space 9728K, 100% used [0x00000007a4480000,0x00000007a4e00000,0x00000007a4e00000)
  to   space 14336K, 0% used [0x00000007a3680000,0x00000007a3680000,0x00000007a4480000)
 ParOldGen       total 67584K, used 15735K [0x0000000707000000, 0x000000070b200000, 0x0000000782580000)
  object space 67584K, 23% used [0x0000000707000000,0x0000000707f5dcd0,0x000000070b200000)
 Metaspace       used 27010K, capacity 34419K, committed 34688K, reserved 1075200K
  class space    used 6654K, capacity 9476K, committed 9600K, reserved 1048576K
}
Event: 13.365 GC heap before
{Heap before GC invocations=10 (full 1):
 PSYoungGen      total 551424K, used 551424K [0x0000000782580000, 0x00000007a9b80000, 0x00000007c0000000)
  eden space 541696K, 100% used [0x0000000782580000,0x00000007a3680000,0x00000007a3680000)
  from space 9728K, 100% used [0x00000007a4480000,0x00000007a4e00000,0x00000007a4e00000)
  to   space 14336K, 0% used [0x00000007a3680000,0x00000007a3680000,0x00000007a4480000)
 ParOldGen       total 67584K, used 15735K [0x0000000707000000, 0x000000070b200000, 0x0000000782580000)
  object space 67584K, 23% used [0x0000000707000000,0x0000000707f5dcd0,0x000000070b200000)
 Metaspace       used 27272K, capacity 34791K, committed 34944K, reserved 1075200K
  class space    used 6670K, capacity 9508K, committed 9600K, reserved 1048576K
Event: 13.398 GC heap after
Heap after GC invocations=10 (full 1):
 PSYoungGen      total 556032K, used 14336K [0x0000000782580000, 0x00000007b3880000, 0x00000007c0000000)
  eden space 541696K, 0% used [0x0000000782580000,0x0000000782580000,0x00000007a3680000)
  from space 14336K, 100% used [0x00000007a3680000,0x00000007a4480000,0x00000007a4480000)
  to   space 27648K, 0% used [0x00000007b1d80000,0x00000007b1d80000,0x00000007b3880000)
 ParOldGen       total 67584K, used 43429K [0x0000000707000000, 0x000000070b200000, 0x0000000782580000)
  object space 67584K, 64% used [0x0000000707000000,0x0000000709a69708,0x000000070b200000)
 Metaspace       used 27272K, capacity 34791K, committed 34944K, reserved 1075200K
  class space    used 6670K, capacity 9508K, committed 9600K, reserved 1048576K
}
Event: 13.727 GC heap before
{Heap before GC invocations=11 (full 1):
 PSYoungGen      total 556032K, used 138894K [0x0000000782580000, 0x00000007b3880000, 0x00000007c0000000)
  eden space 541696K, 22% used [0x0000000782580000,0x0000000789f23b58,0x00000007a3680000)
  from space 14336K, 100% used [0x00000007a3680000,0x00000007a4480000,0x00000007a4480000)
  to   space 27648K, 0% used [0x00000007b1d80000,0x00000007b1d80000,0x00000007b3880000)
 ParOldGen       total 67584K, used 43429K [0x0000000707000000, 0x000000070b200000, 0x0000000782580000)
  object space 67584K, 64% used [0x0000000707000000,0x0000000709a69708,0x000000070b200000)
 Metaspace       used 27553K, capacity 35329K, committed 35456K, reserved 1075200K
  class space    used 6686K, capacity 9513K, committed 9600K, reserved 1048576K
Event: 13.740 GC heap after
Heap after GC invocations=11 (full 1):
 PSYoungGen      total 779776K, used 11488K [0x0000000782580000, 0x00000007b3e00000, 0x00000007c0000000)
  eden space 752128K, 0% used [0x0000000782580000,0x0000000782580000,0x00000007b0400000)
  from space 27648K, 41% used [0x00000007b1d80000,0x00000007b28b8000,0x00000007b3880000)
  to   space 26112K, 0% used [0x00000007b0400000,0x00000007b0400000,0x00000007b1d80000)
 ParOldGen       total 67584K, used 47997K [0x0000000707000000, 0x000000070b200000, 0x0000000782580000)
  object space 67584K, 71% used [0x0000000707000000,0x0000000709edf708,0x000000070b200000)
 Metaspace       used 27553K, capacity 35329K, committed 35456K, reserved 1075200K
  class space    used 6686K, capacity 9513K, committed 9600K, reserved 1048576K
}
Event: 13.740 GC heap before
{Heap before GC invocations=12 (full 2):
 PSYoungGen      total 779776K, used 11488K [0x0000000782580000, 0x00000007b3e00000, 0x00000007c0000000)
  eden space 752128K, 0% used [0x0000000782580000,0x0000000782580000,0x00000007b0400000)
  from space 27648K, 41% used [0x00000007b1d80000,0x00000007b28b8000,0x00000007b3880000)
  to   space 26112K, 0% used [0x00000007b0400000,0x00000007b0400000,0x00000007b1d80000)
 ParOldGen       total 67584K, used 47997K [0x0000000707000000, 0x000000070b200000, 0x0000000782580000)
  object space 67584K, 71% used [0x0000000707000000,0x0000000709edf708,0x000000070b200000)
 Metaspace       used 27553K, capacity 35329K, committed 35456K, reserved 1075200K
  class space    used 6686K, capacity 9513K, committed 9600K, reserved 1048576K
Event: 14.586 GC heap after
Heap after GC invocations=12 (full 2):
 PSYoungGen      total 779776K, used 0K [0x0000000782580000, 0x00000007b3e00000, 0x00000007c0000000)
  eden space 752128K, 0% used [0x0000000782580000,0x0000000782580000,0x00000007b0400000)
  from space 27648K, 0% used [0x00000007b1d80000,0x00000007b1d80000,0x00000007b3880000)
  to   space 26112K, 0% used [0x00000007b0400000,0x00000007b0400000,0x00000007b1d80000)
 ParOldGen       total 170496K, used 57861K [0x0000000707000000, 0x0000000711680000, 0x0000000782580000)
  object space 170496K, 33% used [0x0000000707000000,0x000000070a881760,0x0000000711680000)
 Metaspace       used 27545K, capacity 35317K, committed 35456K, reserved 1075200K
  class space    used 6685K, capacity 9511K, committed 9600K, reserved 1048576K
}
Event: 20.403 GC heap before
{Heap before GC invocations=13 (full 2):
 PSYoungGen      total 779776K, used 752128K [0x0000000782580000, 0x00000007b3e00000, 0x00000007c0000000)
  eden space 752128K, 100% used [0x0000000782580000,0x00000007b0400000,0x00000007b0400000)
  from space 27648K, 0% used [0x00000007b1d80000,0x00000007b1d80000,0x00000007b3880000)
  to   space 26112K, 0% used [0x00000007b0400000,0x00000007b0400000,0x00000007b1d80000)
 ParOldGen       total 170496K, used 57861K [0x0000000707000000, 0x0000000711680000, 0x0000000782580000)
  object space 170496K, 33% used [0x0000000707000000,0x000000070a881760,0x0000000711680000)
 Metaspace       used 27736K, capacity 35693K, committed 35968K, reserved 1075200K
  class space    used 6685K, capacity 9511K, committed 9600K, reserved 1048576K

